 FRESCO - FRES 2.9: Coupled Reaction Channels(with LQ stabilization)
 Assuming NAMELIST input.

 O16 + C12 @ 132 MeV;                                                            

   0.030 100.000   0.500   0.000   0.000   0.000   0.000   0.000   0.000   0.000

 Centre-of-mass Range is   3334 * 0.0300 fm., Maximum at  99.96 fm., Interpolating NL forms every  0.51 fm.
 Non - locality width is      4 * 0.0300 fm., Maximum of   0.09 fm., Centred at  0.00 fm.
 2-Nucleon Separation of      0 * 0.5100 fm., Maximum of   0.00 fm., Minimum at  0.00 fm.
 Maximum single particle bins of 99.9600 fm.
               M,Mint =         3333        3333


 Range of total J is     0.0 <= J <=   100.0 (at least     0.0) and Absorbtion =>     0.0100 mb.
 Dry Run = F, CC set limits =  0  0, Relativistic kinematics =  , Both/Far/Near Analyses =  1

 Cross Sections (and up to T0 for 0=projectile) for Theta from   0.0 to 180.0 in steps of  1.0 degrees.  Coordinates = 0 (Mads)

 Lower Radial Cutoff = maximum of -1.60*L*h &       0.0 fm.,  Lower Cutoff for Couplings =   0.0  fm.


 Iterate Couplings between   0 and   0 times, to  0.000 % if sooner.                                          
  Block solved exactly =   0 chs., with Pade = 0 & Isocen =  =0, NOSOL = F, initwf =  0
  NL quadrature with   18 Gaussian points, Calculate multipoles up to   106 from   0
  M-transfers for lp+lt greater than or equal to  6, Angular Integration Cutoff below  2.7778 %


 Trace switches are :  CHANS =  1, LISTCC =  0, TRENEG =  0, CDETR =  0, SMATS =  2, XSTABL =  1, NLPL =  0

                       WAVES =  0, LAMPL =  0, VEFF =  0, KFUS =  0, WDISK =  0, BPM =  0, MELFIL =  0

                       CDCC =  0, NFUS =  0

 Using unit mass = 1.000000 amu and 1/fine-structure constant = 137.03599 ( 1.000000 * true ) with hc = 197.32705 MeV.fm,
  thus 2*amu/hbar^2 = 0.0478450 = 1/20.9008 and Coulomb constant = 0.1574855 so e^2 = 1.43997, and nuclear magneton= 0.1261183

 Now pre-scan input and save to file 3



 *********** PARTITION NUMBER  1 ******************************************************************************************

   PROJ=O16        MASS= 16.0000 Z=   8.0,        # STATES=    1T, TARG=C12      MASS= 12.0000 Z=   6.0,     Q-VALUE =  -0.0000 MEV.

     1:  J= 0.0+ (B# 1), E=  0.0000, K= 0.0              Potl#  1       J= 0.0+ (B# 1), E=  0.0000, K= 0.0    


 ************************************************************************************************************************************

 The following POTENTIALS are defined :

  KP#       TYPE      IT    SHAPE      at     V1        r1        a1        V2        r2        a2        A-in     A-used


                                            A#1       A#2        r0c       ac                                                h @ 1
    1    0=Coulomb       0=CHARGE (WS)  1    12.000    16.000    1.2000    0.0000    0.0000    0.0000     0.000   111.234   0.03000

    1    1=Volume        0=Woods-Saxon  2  282.2000    0.5860    0.9780   13.8600    1.1830    0.6560     0.000   111.234
0Incoming partition  1 in excitation state # 1,   Laboratory Energy given for partition  1 Nucleus 1 in Excitation pair 1

0Lab. ENERGY ranges :

   from    132.000     to   0.00000     in     0 intervals
   from    0.00000     to   0.00000     in     0 intervals
   from    0.00000     to   0.00000     in     0 intervals

 Largest real,imaginary parts of any form factor at R=   99.66 are   1.44E-02  3.71E-32 MeV
 Finished all Couplings @    1.14400010E-03           2

 Symmetric Hamiltonian
1***********************************************************************************************************************************
************************************************************************************************************************************

        INCOMING O16      ;    LABORATORY O16      ENERGY =   132.00     MeV.

 ***********************************************************************************************************************************
 ***********************************************************************************************************************************


  NOTE: Coulomb excitation cut off below   3.001 deg by JTMAX, and below   0.700 deg by Rmax

 Allocate arrays for            1  channels, of which            1  need wfs.

 ######################################################################################################################
 #                                                                                                                    #
 # Total SPIN and PARITY =     0.0 +,    1 channels,    0 in 1st block.  Rmin & Coul turning =    0.0    1.2 fm.  #
 #                                                                                                                    #
 ######################################################################################################################



    C Projectl Target   #   EX.   (L  Proj) J  + Targ = Jtotal     E-cm      Re K     Re Eta     RM*K            CH
    1 O16      C12      #    1: I   0 0.0    0.0  0.0     0.0    56.57143   4.30813   2.63181  430.6405   0.45982   0.20027 1 1 1   1
   S-matrix    1 =    0.01695  -0.01422 for L=    0, J=    0.0 channel on core I =   0.0 from L=    0,  Acc. loss =  0.0 D.
 Elastic phase shift   1 =  -19.994 109.176 deg. for the L =    0, J =    0.0 channel.
       0.0  0.01695293 -0.01421917i: elastic S-matrix  @@      0.00  0   0 F  0
 Reaction Xsec     0.0+/ 0 @ 1 =   1.692 , Out:   0.000#


 Total SPIN, PARITY =     1.0 -,    1 chs,    0 cc.  Rmin & Coul turning =    0.0    1.3
   S-matrix    1 =   -0.02194   0.00146 for L=    1, J=    1.0 channel on core I =   0.0 from L=    1,  Acc. loss =  0.0 D.
 Elastic phase shift   1 =   88.098 109.354 deg. for the L =    1, J =    1.0 channel.
       1.0 -0.02194174  0.00145873i: elastic S-matrix  @@      0.00  0   0 F  0
 Reaction Xsec     1.0-/ 1 @ 1 =   5.076 , Out:   0.000#


 Total SPIN, PARITY =     2.0 +,    1 chs,    0 cc.  Rmin & Coul turning =    0.1    1.4
   S-matrix    1 =    0.01117   0.01879 for L=    2, J=    2.0 channel on core I =   0.0 from L=    2,  Acc. loss =  0.0 D.
 Elastic phase shift   1 =   29.634 109.519 deg. for the L =    2, J =    2.0 channel.
       2.0  0.01117274  0.01879304i: elastic S-matrix  @@      0.00  0   0 F  0
 Reaction Xsec     2.0+/ 2 @ 1 =   8.459 , Out:   0.000#


 Total SPIN, PARITY =     3.0 -,    1 chs,    0 cc.  Rmin & Coul turning =    0.1    1.6
   S-matrix    1 =    0.01672  -0.01360 for L=    3, J=    3.0 channel on core I =   0.0 from L=    3,  Acc. loss =  0.0 D.
 Elastic phase shift   1 =  -19.559 109.929 deg. for the L =    3, J =    3.0 channel.
       3.0  0.01672175 -0.01359784i: elastic S-matrix  @@      0.00  0   0 F  0
 Reaction Xsec     3.0-/ 3 @ 1 =  11.843 , Out:   0.000#


 Total SPIN, PARITY =     4.0 +,    1 chs,    0 cc.  Rmin & Coul turning =    0.2    1.8
   S-matrix    1 =   -0.01291  -0.01689 for L=    4, J=    4.0 channel on core I =   0.0 from L=    4,  Acc. loss =  0.0 D.
 Elastic phase shift   1 =  -63.701 110.321 deg. for the L =    4, J =    4.0 channel.
       4.0 -0.01291328 -0.01688882i: elastic S-matrix  @@      0.00  0   0 F  0
 Reaction Xsec     4.0+/ 4 @ 1 =  15.227 , Out:   0.000#


 Total SPIN, PARITY =     5.0 -,    1 chs,    0 cc.  Rmin & Coul turning =    0.2    2.0
   S-matrix    1 =   -0.01811   0.01020 for L=    5, J=    5.0 channel on core I =   0.0 from L=    5,  Acc. loss =  0.0 D.
 Elastic phase shift   1 =   75.311 110.969 deg. for the L =    5, J =    5.0 channel.
       5.0 -0.01811130  0.01019640i: elastic S-matrix  @@      0.00  0   0 F  0
 Reaction Xsec     5.0-/ 5 @ 1 =  18.611 , Out:   0.000#


 Total SPIN, PARITY =     6.0 +,    1 chs,    0 cc.  Rmin & Coul turning =    0.3    2.2
   S-matrix    1 =    0.00659   0.01924 for L=    6, J=    6.0 channel on core I =   0.0 from L=    6,  Acc. loss =  0.0 D.
 Elastic phase shift   1 =   35.548 111.598 deg. for the L =    6, J =    6.0 channel.
       6.0  0.00658724  0.01923626i: elastic S-matrix  @@      0.00  0   0 F  0
 Reaction Xsec     6.0+/ 6 @ 1 =  21.996 , Out:   0.000#


 Total SPIN, PARITY =     7.0 -,    1 chs,    0 cc.  Rmin & Coul turning =    0.3    2.5
   S-matrix    1 =    0.01952  -0.00251 for L=    7, J=    7.0 channel on core I =   0.0 from L=    7,  Acc. loss =  0.0 D.
 Elastic phase shift   1 =   -3.663 112.536 deg. for the L =    7, J =    7.0 channel.
       7.0  0.01951767 -0.00250914i: elastic S-matrix  @@      0.00  0   0 F  0
 Reaction Xsec     7.0-/ 7 @ 1 =  25.380 , Out:   0.000#


 Total SPIN, PARITY =     8.0 +,    1 chs,    0 cc.  Rmin & Coul turning =    0.4    2.7
   S-matrix    1 =    0.00102  -0.01904 for L=    8, J=    8.0 channel on core I =   0.0 from L=    8,  Acc. loss =  0.0 D.
 Elastic phase shift   1 =  -43.474 113.438 deg. for the L =    8, J =    8.0 channel.
       8.0  0.00101533 -0.01904127i: elastic S-matrix  @@      0.00  0   0 F  0
 Reaction Xsec     8.0+/ 8 @ 1 =  28.765 , Out:   0.000#


 Total SPIN, PARITY =     9.0 -,    1 chs,    0 cc.  Rmin & Coul turning =    0.4    2.9
   S-matrix    1 =   -0.01783  -0.00376 for L=    9, J=    9.0 channel on core I =   0.0 from L=    9,  Acc. loss =  0.0 D.
 Elastic phase shift   1 =  -84.052 114.741 deg. for the L =    9, J =    9.0 channel.
       9.0 -0.01782904 -0.00375611i: elastic S-matrix  @@      0.00  0   0 F  0
 Reaction Xsec     9.0-/ 9 @ 1 =  32.150 , Out:   0.000#


 Total SPIN, PARITY =    10.0 +,    1 chs,    0 cc.  Rmin & Coul turning =    0.5    3.1
   S-matrix    1 =   -0.00523   0.01664 for L=   10, J=   10.0 channel on core I =   0.0 from L=   10,  Acc. loss =  0.0 D.
 Elastic phase shift   1 =   53.716 115.986 deg. for the L =   10, J =   10.0 channel.
      10.0 -0.00522614  0.01664416i: elastic S-matrix  @@      0.00  0   0 F  0
 Reaction Xsec    10.0+/10 @ 1 =  35.535 , Out:   0.000#


 Total SPIN, PARITY =    11.0 -,    1 chs,    0 cc.  Rmin & Coul turning =    0.5    3.3
   S-matrix    1 =    0.01543   0.00552 for L=   11, J=   11.0 channel on core I =   0.0 from L=   11,  Acc. loss =  0.0 D.
 Elastic phase shift   1 =    9.851 117.781 deg. for the L =   11, J =   11.0 channel.
      11.0  0.01542670  0.00552397i: elastic S-matrix  @@      0.00  0   0 F  0
 Reaction Xsec    11.0-/11 @ 1 =  38.921 , Out:   0.000#


 Total SPIN, PARITY =    12.0 +,    1 chs,    0 cc.  Rmin & Coul turning =    0.6    3.6
   S-matrix    1 =    0.00455  -0.01476 for L=   12, J=   12.0 channel on core I =   0.0 from L=   12,  Acc. loss =  0.0 D.
 Elastic phase shift   1 =  -36.438 119.482 deg. for the L =   12, J =   12.0 channel.
      12.0  0.00454633 -0.01475690i: elastic S-matrix  @@      0.00  0   0 F  0
 Reaction Xsec    12.0+/12 @ 1 =  42.307 , Out:   0.000#


 Total SPIN, PARITY =    13.0 -,    1 chs,    0 cc.  Rmin & Coul turning =    0.6    3.8
   S-matrix    1 =   -0.01395  -0.00241 for L=   13, J=   13.0 channel on core I =   0.0 from L=   13,  Acc. loss =  0.0 D.
 Elastic phase shift   1 =  -85.108 121.979 deg. for the L =   13, J =   13.0 channel.
      13.0 -0.01394681 -0.00240514i: elastic S-matrix  @@      0.00  0   0 F  0
 Reaction Xsec    13.0-/13 @ 1 =  45.693 , Out:   0.000#


 Total SPIN, PARITY =    14.0 +,    1 chs,    0 cc.  Rmin & Coul turning =    0.7    4.0
   S-matrix    1 =    0.00086   0.01301 for L=   14, J=   14.0 channel on core I =   0.0 from L=   14,  Acc. loss =  0.0 D.
 Elastic phase shift   1 =   43.115 124.328 deg. for the L =   14, J =   14.0 channel.
      14.0  0.00085737  0.01301015i: elastic S-matrix  @@      0.00  0   0 F  0
 Reaction Xsec    14.0+/14 @ 1 =  49.079 , Out:   0.000#


 Total SPIN, PARITY =    15.0 -,    1 chs,    0 cc.  Rmin & Coul turning =    0.7    4.3
   S-matrix    1 =    0.01054  -0.00464 for L=   15, J=   15.0 channel on core I =   0.0 from L=   15,  Acc. loss =  0.0 D.
 Elastic phase shift   1 =  -11.882 127.893 deg. for the L =   15, J =   15.0 channel.
      15.0  0.01053645 -0.00463916i: elastic S-matrix  @@      0.00  0   0 F  0
 Reaction Xsec    15.0-/15 @ 1 =  52.466 , Out:   0.000#


 Total SPIN, PARITY =    16.0 +,    1 chs,    0 cc.  Rmin & Coul turning =    0.8    4.5
   S-matrix    1 =   -0.00801  -0.00638 for L=   16, J=   16.0 channel on core I =   0.0 from L=   16,  Acc. loss =  0.0 D.
 Elastic phase shift   1 =  -70.722 131.239 deg. for the L =   16, J =   16.0 channel.
      16.0 -0.00801064 -0.00638454i: elastic S-matrix  @@      0.00  0   0 F  0
 Reaction Xsec    16.0+/16 @ 1 =  55.852 , Out:   0.000#


 Total SPIN, PARITY =    17.0 -,    1 chs,    0 cc.  Rmin & Coul turning =    0.8    4.7
   S-matrix    1 =   -0.00034   0.00847 for L=   17, J=   17.0 channel on core I =   0.0 from L=   17,  Acc. loss =  0.0 D.
 Elastic phase shift   1 =   46.153 136.676 deg. for the L =   17, J =   17.0 channel.
      17.0 -0.00034098  0.00846604i: elastic S-matrix  @@      0.00  0   0 F  0
 Reaction Xsec    17.0-/17 @ 1 =  59.239 , Out:   0.000#


 Total SPIN, PARITY =    18.0 +,    1 chs,    0 cc.  Rmin & Coul turning =    0.8    4.9
   S-matrix    1 =    0.00520  -0.00500 for L=   18, J=   18.0 channel on core I =   0.0 from L=   18,  Acc. loss =  0.0 D.
 Elastic phase shift   1 =  -21.929 141.274 deg. for the L =   18, J =   18.0 channel.
      18.0  0.00520351 -0.00500024i: elastic S-matrix  @@      0.00  0   0 F  0
 Reaction Xsec    18.0+/18 @ 1 =  62.626 , Out:   0.000#


 Total SPIN, PARITY =    19.0 -,    1 chs,    0 cc.  Rmin & Coul turning =    0.9    5.2
   S-matrix    1 =   -0.00476   0.00104 for L=   19, J=   19.0 channel on core I =   0.0 from L=   19,  Acc. loss =  0.0 D.
 Elastic phase shift   1 =   83.822 152.544 deg. for the L =   19, J =   19.0 channel.
      19.0 -0.00475653  0.00104205i: elastic S-matrix  @@      0.00  0   0 F  0
 Reaction Xsec    19.0-/19 @ 1 =  66.013 , Out:   0.000#


 Total SPIN, PARITY =    20.0 +,    1 chs,    0 cc.  Rmin & Coul turning =    1.0    5.4
   S-matrix    1 =    0.00467   0.00140 for L=   20, J=   20.0 channel on core I =   0.0 from L=   20,  Acc. loss =  0.0 D.
 Elastic phase shift   1 =    8.376 152.521 deg. for the L =   20, J =   20.0 channel.
      20.0  0.00466658  0.00140460i: elastic S-matrix  @@      0.00  0   0 F  0
 Reaction Xsec    20.0+/20 @ 1 =  69.398 , Out:   0.000#


 Total SPIN, PARITY =    21.0 -,    1 chs,    0 cc.  Rmin & Coul turning =    1.0    5.6
   S-matrix    1 =   -0.00182   0.00338 for L=   21, J=   21.0 channel on core I =   0.0 from L=   21,  Acc. loss =  0.0 D.
 Elastic phase shift   1 =   59.152 159.386 deg. for the L =   21, J =   21.0 channel.
      21.0 -0.00181827  0.00337635i: elastic S-matrix  @@      0.00  0   0 F  0
 Reaction Xsec    21.0-/21 @ 1 =  72.784 , Out:   0.000#


 Total SPIN, PARITY =    22.0 +,    1 chs,    0 cc.  Rmin & Coul turning =    1.1    5.9
   S-matrix    1 =   -0.00400   0.01120 for L=   22, J=   22.0 channel on core I =   0.0 from L=   22,  Acc. loss =  0.0 D.
 Elastic phase shift   1 =   54.829 126.951 deg. for the L =   22, J =   22.0 channel.
      22.0 -0.00400236  0.01120434i: elastic S-matrix  @@      0.00  0   0 F  0
 Reaction Xsec    22.0+/22 @ 1 =  76.159 , Out:   0.000#


 Total SPIN, PARITY =    23.0 -,    1 chs,    0 cc.  Rmin & Coul turning =    1.1    6.1
   S-matrix    1 =   -0.02483   0.03238 for L=   23, J=   23.0 channel on core I =   0.0 from L=   23,  Acc. loss =  0.0 D.
 Elastic phase shift   1 =   63.742  91.642 deg. for the L =   23, J =   23.0 channel.
      23.0 -0.02483196  0.03238148i: elastic S-matrix  @@      0.00  0   0 F  0
 Reaction Xsec    23.0-/23 @ 1 =  79.423 , Out:   0.000#


 Total SPIN, PARITY =    24.0 +,    1 chs,    0 cc.  Rmin & Coul turning =    1.1    6.3
   S-matrix    1 =   -0.05863   0.09862 for L=   24, J=   24.0 channel on core I =   0.0 from L=   24,  Acc. loss =  0.0 D.
 Elastic phase shift   1 =   60.365  62.028 deg. for the L =   24, J =   24.0 channel.
      24.0 -0.05862504  0.09862142i: elastic S-matrix  @@      0.00  0   0 F  0
 Reaction Xsec    24.0+/24 @ 1 =  81.849 , Out:   0.000#


 Total SPIN, PARITY =    25.0 -,    1 chs,    0 cc.  Rmin & Coul turning =    1.2    6.6
   S-matrix    1 =   -0.05405   0.23525 for L=   25, J=   25.0 channel on core I =   0.0 from L=   25,  Acc. loss =  0.0 D.
 Elastic phase shift   1 =   51.470  40.720 deg. for the L =   25, J =   25.0 channel.
      25.0 -0.05404787  0.23524658i: elastic S-matrix  @@      0.00  0   0 F  0
 Reaction Xsec    25.0-/25 @ 1 =  81.297 , Out:   0.000#


 Total SPIN, PARITY =    26.0 +,    1 chs,    0 cc.  Rmin & Coul turning =    1.2    6.8
   S-matrix    1 =    0.04097   0.38882 for L=   26, J=   26.0 channel on core I =   0.0 from L=   26,  Acc. loss =  0.0 D.
 Elastic phase shift   1 =   41.992  26.903 deg. for the L =   26, J =   26.0 channel.
      26.0  0.04097274  0.38882364i: elastic S-matrix  @@      0.00  0   0 F  0
 Reaction Xsec    26.0+/26 @ 1 =  75.998 , Out:   0.000#


 Total SPIN, PARITY =    27.0 -,    1 chs,    0 cc.  Rmin & Coul turning =    1.3    7.0
   S-matrix    1 =    0.20599   0.49373 for L=   27, J=   27.0 channel on core I =   0.0 from L=   27,  Acc. loss =  0.0 D.
 Elastic phase shift   1 =   33.677  17.920 deg. for the L =   27, J =   27.0 channel.
      27.0  0.20599088  0.49373468i: elastic S-matrix  @@      0.00  0   0 F  0
 Reaction Xsec    27.0-/27 @ 1 =  66.452 , Out:   0.000#


 Total SPIN, PARITY =    28.0 +,    1 chs,    0 cc.  Rmin & Coul turning =    1.3    7.3
   S-matrix    1 =    0.39037   0.52894 for L=   28, J=   28.0 channel on core I =   0.0 from L=   28,  Acc. loss =  0.0 D.
 Elastic phase shift   1 =   26.786  12.017 deg. for the L =   28, J =   28.0 channel.
      28.0  0.39037194  0.52894011i: elastic S-matrix  @@      0.00  0   0 F  0
 Reaction Xsec    28.0+/28 @ 1 =  54.786 , Out:   0.000#


 Total SPIN, PARITY =    29.0 -,    1 chs,    0 cc.  Rmin & Coul turning =    1.4    7.5
   S-matrix    1 =    0.55602   0.50837 for L=   29, J=   29.0 channel on core I =   0.0 from L=   29,  Acc. loss =  0.0 D.
 Elastic phase shift   1 =   21.218   8.112 deg. for the L =   29, J =   29.0 channel.
      29.0  0.55601520  0.50836886i: elastic S-matrix  @@      0.00  0   0 F  0
 Reaction Xsec    29.0-/29 @ 1 =  43.184 , Out:   0.000#


 Total SPIN, PARITY =    30.0 +,    1 chs,    0 cc.  Rmin & Coul turning =    1.4    7.7
   S-matrix    1 =    0.68739   0.45605 for L=   30, J=   30.0 channel on core I =   0.0 from L=   30,  Acc. loss =  0.0 D.
 Elastic phase shift   1 =   16.781   5.514 deg. for the L =   30, J =   30.0 channel.
      30.0  0.68738935  0.45604796i: elastic S-matrix  @@      0.00  0   0 F  0
 Reaction Xsec    30.0+/30 @ 1 =  32.991 , Out:   0.000#


 Total SPIN, PARITY =    31.0 -,    1 chs,    0 cc.  Rmin & Coul turning =    1.5    7.9
   S-matrix    1 =    0.78424   0.39167 for L=   31, J=   31.0 channel on core I =   0.0 from L=   31,  Acc. loss =  0.0 D.
 Elastic phase shift   1 =   13.269   3.773 deg. for the L =   31, J =   31.0 channel.
      31.0  0.78424048  0.39166792i: elastic S-matrix  @@      0.00  0   0 F  0
 Reaction Xsec    31.0-/31 @ 1 =  24.693 , Out:   0.000#


 Total SPIN, PARITY =    32.0 +,    1 chs,    0 cc.  Rmin & Coul turning =    1.5    8.2
   S-matrix    1 =    0.85268   0.32726 for L=   32, J=   32.0 channel on core I =   0.0 from L=   32,  Acc. loss =  0.0 D.
 Elastic phase shift   1 =   10.498   2.597 deg. for the L =   32, J =   32.0 channel.
      32.0  0.85267908  0.32725640i: elastic S-matrix  @@      0.00  0   0 F  0
 Reaction Xsec    32.0+/32 @ 1 =  18.246 , Out:   0.000#


 Total SPIN, PARITY =    33.0 -,    1 chs,    0 cc.  Rmin & Coul turning =    1.6    8.4
   S-matrix    1 =    0.89990   0.26873 for L=   33, J=   33.0 channel on core I =   0.0 from L=   33,  Acc. loss =  0.0 D.
 Elastic phase shift   1 =    8.313   1.798 deg. for the L =   33, J =   33.0 channel.
      33.0  0.89990424  0.26873274i: elastic S-matrix  @@      0.00  0   0 F  0
 Reaction Xsec    33.0-/33 @ 1 =  13.377 , Out:   0.000#


 Total SPIN, PARITY =    34.0 +,    1 chs,    0 cc.  Rmin & Coul turning =    1.6    8.6
   S-matrix    1 =    0.93209   0.21826 for L=   34, J=   34.0 channel on core I =   0.0 from L=   34,  Acc. loss =  0.0 D.
 Elastic phase shift   1 =    6.590   1.250 deg. for the L =   34, J =   34.0 channel.
      34.0  0.93208504  0.21826270i: elastic S-matrix  @@      0.00  0   0 F  0
 Reaction Xsec    34.0+/34 @ 1 =   9.762 , Out:   0.000#


 Total SPIN, PARITY =    35.0 -,    1 chs,    0 cc.  Rmin & Coul turning =    1.7    8.9
   S-matrix    1 =    0.95389   0.17604 for L=   35, J=   35.0 channel on core I =   0.0 from L=   35,  Acc. loss =  0.0 D.
 Elastic phase shift   1 =    5.228   0.873 deg. for the L =   35, J =   35.0 channel.
      35.0  0.95388704  0.17603709i: elastic S-matrix  @@      0.00  0   0 F  0
 Reaction Xsec    35.0-/35 @ 1 =   7.104 , Out:   0.000#


 Total SPIN, PARITY =    36.0 +,    1 chs,    0 cc.  Rmin & Coul turning =    1.7    9.1
   S-matrix    1 =    0.96863   0.14135 for L=   36, J=   36.0 channel on core I =   0.0 from L=   36,  Acc. loss =  0.0 D.
 Elastic phase shift   1 =    4.151   0.611 deg. for the L =   36, J =   36.0 channel.
      36.0  0.96863087  0.14134884i: elastic S-matrix  @@      0.00  0   0 F  0
 Reaction Xsec    36.0+/36 @ 1 =   5.162 , Out:   0.000#


 Total SPIN, PARITY =    37.0 -,    1 chs,    0 cc.  Rmin & Coul turning =    1.8    9.3
   S-matrix    1 =    0.97861   0.11317 for L=   37, J=   37.0 channel on core I =   0.0 from L=   37,  Acc. loss =  0.0 D.
 Elastic phase shift   1 =    3.298   0.429 deg. for the L =   37, J =   37.0 channel.
      37.0  0.97860688  0.11317204i: elastic S-matrix  @@      0.00  0   0 F  0
 Reaction Xsec    37.0-/37 @ 1 =   3.748 , Out:   0.000#


 Total SPIN, PARITY =    38.0 +,    1 chs,    0 cc.  Rmin & Coul turning =    1.8    9.6
   S-matrix    1 =    0.98537   0.09045 for L=   38, J=   38.0 channel on core I =   0.0 from L=   38,  Acc. loss =  0.0 D.
 Elastic phase shift   1 =    2.622   0.302 deg. for the L =   38, J =   38.0 channel.
      38.0  0.98536949  0.09044540i: elastic S-matrix  @@      0.00  0   0 F  0
 Reaction Xsec    38.0+/38 @ 1 =   2.720 , Out:   0.000#


 Total SPIN, PARITY =    39.0 -,    1 chs,    0 cc.  Rmin & Coul turning =    1.9    9.8
   S-matrix    1 =    0.98997   0.07220 for L=   39, J=   39.0 channel on core I =   0.0 from L=   39,  Acc. loss =  0.0 D.
 Elastic phase shift   1 =    2.086   0.213 deg. for the L =   39, J =   39.0 channel.
      39.0  0.98996563  0.07219634i: elastic S-matrix  @@      0.00  0   0 F  0
 Reaction Xsec    39.0-/39 @ 1 =   1.973 , Out:   0.000#


 Total SPIN, PARITY =    40.0 +,    1 chs,    0 cc.  Rmin & Coul turning =    1.9   10.0
   S-matrix    1 =    0.99310   0.05758 for L=   40, J=   40.0 channel on core I =   0.0 from L=   40,  Acc. loss =  0.0 D.
 Elastic phase shift   1 =    1.659   0.150 deg. for the L =   40, J =   40.0 channel.
      40.0  0.99309849  0.05758425i: elastic S-matrix  @@      0.00  0   0 F  0
 Reaction Xsec    40.0+/40 @ 1 =   1.431 , Out:   0.000#


 Total SPIN, PARITY =    41.0 -,    1 chs,    0 cc.  Rmin & Coul turning =    1.9   10.3
   S-matrix    1 =    0.99524   0.04591 for L=   41, J=   41.0 channel on core I =   0.0 from L=   41,  Acc. loss =  0.0 D.
 Elastic phase shift   1 =    1.320   0.106 deg. for the L =   41, J =   41.0 channel.
      41.0  0.99524042  0.04590554i: elastic S-matrix  @@      0.00  0   0 F  0
 Reaction Xsec    41.0-/41 @ 1 =   1.038 , Out:   0.000#


 Total SPIN, PARITY =    42.0 +,    1 chs,    0 cc.  Rmin & Coul turning =    2.0   10.5
   S-matrix    1 =    0.99671   0.03658 for L=   42, J=   42.0 channel on core I =   0.0 from L=   42,  Acc. loss =  0.0 D.
 Elastic phase shift   1 =    1.051   0.075 deg. for the L =   42, J =   42.0 channel.
      42.0  0.99670926  0.03658225i: elastic S-matrix  @@      0.00  0   0 F  0
 Reaction Xsec    42.0+/42 @ 1 =   0.753 , Out:   0.000#


 Total SPIN, PARITY =    43.0 -,    1 chs,    0 cc.  Rmin & Coul turning =    2.0   10.7
   S-matrix    1 =    0.99772   0.02915 for L=   43, J=   43.0 channel on core I =   0.0 from L=   43,  Acc. loss =  0.0 D.
 Elastic phase shift   1 =    0.837   0.053 deg. for the L =   43, J =   43.0 channel.
      43.0  0.99771944  0.02914500i: elastic S-matrix  @@      0.00  0   0 F  0
 Reaction Xsec    43.0-/43 @ 1 =   0.546 , Out:   0.000#


 Total SPIN, PARITY =    44.0 +,    1 chs,    0 cc.  Rmin & Coul turning =    2.1   11.0
   S-matrix    1 =    0.99842   0.02322 for L=   44, J=   44.0 channel on core I =   0.0 from L=   44,  Acc. loss =  0.0 D.
 Elastic phase shift   1 =    0.666   0.038 deg. for the L =   44, J =   44.0 channel.
      44.0  0.99841608  0.02321524i: elastic S-matrix  @@      0.00  0   0 F  0
 Reaction Xsec    44.0+/44 @ 1 =   0.396 , Out:   0.000#


 Total SPIN, PARITY =    45.0 -,    1 chs,    0 cc.  Rmin & Coul turning =    2.2   11.2
   S-matrix    1 =    0.99890   0.01849 for L=   45, J=   45.0 channel on core I =   0.0 from L=   45,  Acc. loss =  0.0 D.
 Elastic phase shift   1 =    0.530   0.027 deg. for the L =   45, J =   45.0 channel.
      45.0  0.99889773  0.01848902i: elastic S-matrix  @@      0.00  0   0 F  0
 Reaction Xsec    45.0-/45 @ 1 =   0.287 , Out:   0.000#


 Total SPIN, PARITY =    46.0 +,    1 chs,    0 cc.  Rmin & Coul turning =    2.2   11.4
   S-matrix    1 =    0.99923   0.01472 for L=   46, J=   46.0 channel on core I =   0.0 from L=   46,  Acc. loss =  0.0 D.
 Elastic phase shift   1 =    0.422   0.019 deg. for the L =   46, J =   46.0 channel.
      46.0  0.99923153  0.01472298i: elastic S-matrix  @@      0.00  0   0 F  0
 Reaction Xsec    46.0+/46 @ 1 =   0.208 , Out:   0.000#


 Total SPIN, PARITY =    47.0 -,    1 chs,    0 cc.  Rmin & Coul turning =    2.2   11.7
   S-matrix    1 =    0.99946   0.01172 for L=   47, J=   47.0 channel on core I =   0.0 from L=   47,  Acc. loss =  0.0 D.
 Elastic phase shift   1 =    0.336   0.013 deg. for the L =   47, J =   47.0 channel.
      47.0  0.99946336  0.01172260i: elastic S-matrix  @@      0.00  0   0 F  0
 Reaction Xsec    47.0-/47 @ 1 =   0.150 , Out:   0.000#


 Total SPIN, PARITY =    48.0 +,    1 chs,    0 cc.  Rmin & Coul turning =    2.3   11.9
   S-matrix    1 =    0.99962   0.00933 for L=   48, J=   48.0 channel on core I =   0.0 from L=   48,  Acc. loss =  0.0 D.
 Elastic phase shift   1 =    0.267   0.010 deg. for the L =   48, J =   48.0 channel.
      48.0  0.99962470  0.00933257i: elastic S-matrix  @@      0.00  0   0 F  0
 Reaction Xsec    48.0+/48 @ 1 =   0.109 , Out:   0.000#


 Total SPIN, PARITY =    49.0 -,    1 chs,    0 cc.  Rmin & Coul turning =    2.3   12.1
   S-matrix    1 =    0.99974   0.00743 for L=   49, J=   49.0 channel on core I =   0.0 from L=   49,  Acc. loss =  0.0 D.
 Elastic phase shift   1 =    0.213   0.007 deg. for the L =   49, J =   49.0 channel.
      49.0  0.99973718  0.00742898i: elastic S-matrix  @@      0.00  0   0 F  0
 Reaction Xsec    49.0-/49 @ 1 =   0.079 , Out:   0.000#


 Total SPIN, PARITY =    50.0 +,    1 chs,    0 cc.  Rmin & Coul turning =    2.4   12.3
   S-matrix    1 =    0.99982   0.00591 for L=   50, J=   50.0 channel on core I =   0.0 from L=   50,  Acc. loss =  0.0 D.
 Elastic phase shift   1 =    0.169   0.005 deg. for the L =   50, J =   50.0 channel.
      50.0  0.99981573  0.00591300i: elastic S-matrix  @@      0.00  0   0 F  0
 Reaction Xsec    50.0+/50 @ 1 =   0.057 , Out:   0.000#


 Total SPIN, PARITY =    51.0 -,    1 chs,    0 cc.  Rmin & Coul turning =    2.4   12.6
   S-matrix    1 =    0.99987   0.00471 for L=   51, J=   51.0 channel on core I =   0.0 from L=   51,  Acc. loss =  0.0 D.
 Elastic phase shift   1 =    0.135   0.003 deg. for the L =   51, J =   51.0 channel.
      51.0  0.99987066  0.00470584i: elastic S-matrix  @@      0.00  0   0 F  0
 Reaction Xsec    51.0-/51 @ 1 =   0.041 , Out:   0.000#


 Total SPIN, PARITY =    52.0 +,    1 chs,    0 cc.  Rmin & Coul turning =    2.5   12.8
   S-matrix    1 =    0.99991   0.00374 for L=   52, J=   52.0 channel on core I =   0.0 from L=   52,  Acc. loss =  0.0 D.
 Elastic phase shift   1 =    0.107   0.002 deg. for the L =   52, J =   52.0 channel.
      52.0  0.99990913  0.00374471i: elastic S-matrix  @@      0.00  0   0 F  0
 Reaction Xsec    52.0+/52 @ 1 =   0.030 , Out:   0.000#


 Total SPIN, PARITY =    53.0 -,    1 chs,    0 cc.  Rmin & Coul turning =    2.5   13.0
   S-matrix    1 =    0.99994   0.00298 for L=   53, J=   53.0 channel on core I =   0.0 from L=   53,  Acc. loss =  0.0 D.
 Elastic phase shift   1 =    0.085   0.002 deg. for the L =   53, J =   53.0 channel.
      53.0  0.99993610  0.00297955i: elastic S-matrix  @@      0.00  0   0 F  0
 Reaction Xsec    53.0-/53 @ 1 =   0.022 , Out:   0.000#


 Total SPIN, PARITY =    54.0 +,    1 chs,    0 cc.  Rmin & Coul turning =    2.6   13.3
   S-matrix    1 =    0.99996   0.00237 for L=   54, J=   54.0 channel on core I =   0.0 from L=   54,  Acc. loss =  0.0 D.
 Elastic phase shift   1 =    0.068   0.001 deg. for the L =   54, J =   54.0 channel.
      54.0  0.99995504  0.00237046i: elastic S-matrix  @@      0.00  0   0 F  0
 Reaction Xsec    54.0+/54 @ 1 =   0.016 , Out:   0.000#


 Total SPIN, PARITY =    55.0 -,    1 chs,    0 cc.  Rmin & Coul turning =    2.6   13.5
   S-matrix    1 =    0.99997   0.00189 for L=   55, J=   55.0 channel on core I =   0.0 from L=   55,  Acc. loss =  0.0 D.
 Elastic phase shift   1 =    0.054   0.001 deg. for the L =   55, J =   55.0 channel.
      55.0  0.99996834  0.00188568i: elastic S-matrix  @@      0.00  0   0 F  0
 Reaction Xsec    55.0-/55 @ 1 =   0.011 , Out:   0.000#


 Total SPIN, PARITY =    56.0 +,    1 chs,    0 cc.  Rmin & Coul turning =    2.7   13.7
   S-matrix    1 =    0.99998   0.00150 for L=   56, J=   56.0 channel on core I =   0.0 from L=   56,  Acc. loss =  0.0 D.
 Elastic phase shift   1 =    0.043   0.001 deg. for the L =   56, J =   56.0 channel.
      56.0  0.99997769  0.00149987i: elastic S-matrix  @@      0.00  0   0 F  0
 Reaction Xsec    56.0+/56 @ 1 =   8.104/, Out:   0.000#


 Total SPIN, PARITY =    57.0 -,    1 chs,    0 cc.  Rmin & Coul turning =    2.7   14.0
   S-matrix    1 =    0.99998   0.00119 for L=   57, J=   57.0 channel on core I =   0.0 from L=   57,  Acc. loss =  0.0 D.
 Elastic phase shift   1 =    0.034   0.000 deg. for the L =   57, J =   57.0 channel.
      57.0  0.99998427  0.00119287i: elastic S-matrix  @@      0.00  0   0 F  0
 Reaction Xsec    57.0-/57 @ 1 =   5.846/, Out:   0.000#


 Total SPIN, PARITY =    58.0 +,    1 chs,    0 cc.  Rmin & Coul turning =    2.8   14.2
   S-matrix    1 =    0.99999   0.00095 for L=   58, J=   58.0 channel on core I =   0.0 from L=   58,  Acc. loss =  0.0 D.
 Elastic phase shift   1 =    0.027   0.000 deg. for the L =   58, J =   58.0 channel.
      58.0  0.99998891  0.00094860i: elastic S-matrix  @@      0.00  0   0 F  0
 Reaction Xsec    58.0+/58 @ 1 =   4.216/, Out:   0.000#

 Finished all CC sets @    2.05979999E-02
0CUMULATIVE REACTION cross section                 = 1503.22591  <L> =    19.78  <L**2> =    450.4
0CUMULATIVE outgoing cross sections in partition 1 :    0.00000
0Cumulative ABSORBTION by Imaginary Potentials     = 1503.22591  <L> =    19.78  <L**2> =    450.4
   Fusion for specific O16      M-states : 1503.225910
0CUMULATIVE OUTGOING cross section                 =    0.00000
 To convert to S-factors (MeV.mb = keV.b),  multiply by  8.5933E+08


 CROSS SECTIONS FOR OUTGOING O16      & C12      in state #   1 with spins & parities 0.0  + & 0.0  +;  0

 AMM: LJMAX,NLJ=   0.0000000000000000                1
 AMM: NJ=           1
 AMM: JBL,JUMP(JBL,:)=           1           1          59          59

 CC#   1   1 IS  0.0   1   1

 CC#   1   2 IS  1.0   1   1

 CC#   1   3 IS  2.0   1   1

 CC#   1   4 IS  3.0   1   1

 CC#   1   5 IS  4.0   1   1

 CC#   1   6 IS  5.0   1   1

 CC#   1   7 IS  6.0   1   1

 CC#   1   8 IS  7.0   1   1

 CC#   1   9 IS  8.0   1   1

 CC#   1  10 IS  9.0   1   1

 CC#   1  11 IS 10.0   1   1

 CC#   1  12 IS 11.0   1   1

 CC#   1  13 IS 12.0   1   1

 CC#   1  14 IS 13.0   1   1

 CC#   1  15 IS 14.0   1   1

 CC#   1  16 IS 15.0   1   1

 CC#   1  17 IS 16.0   1   1

 CC#   1  18 IS 17.0   1   1

 CC#   1  19 IS 18.0   1   1

 CC#   1  20 IS 19.0   1   1

 CC#   1  21 IS 20.0   1   1

 CC#   1  22 IS 21.0   1   1

 CC#   1  23 IS 22.0   1   1

 CC#   1  24 IS 23.0   1   1

 CC#   1  25 IS 24.0   1   1

 CC#   1  26 IS 25.0   1   1

 CC#   1  27 IS 26.0   1   1

 CC#   1  28 IS 27.0   1   1

 CC#   1  29 IS 28.0   1   1

 CC#   1  30 IS 29.0   1   1

 CC#   1  31 IS 30.0   1   1

 CC#   1  32 IS 31.0   1   1

 CC#   1  33 IS 32.0   1   1

 CC#   1  34 IS 33.0   1   1

 CC#   1  35 IS 34.0   1   1

 CC#   1  36 IS 35.0   1   1

 CC#   1  37 IS 36.0   1   1

 CC#   1  38 IS 37.0   1   1

 CC#   1  39 IS 38.0   1   1

 CC#   1  40 IS 39.0   1   1

 CC#   1  41 IS 40.0   1   1

 CC#   1  42 IS 41.0   1   1

 CC#   1  43 IS 42.0   1   1

 CC#   1  44 IS 43.0   1   1

 CC#   1  45 IS 44.0   1   1

 CC#   1  46 IS 45.0   1   1

 CC#   1  47 IS 46.0   1   1

 CC#   1  48 IS 47.0   1   1

 CC#   1  49 IS 48.0   1   1

 CC#   1  50 IS 49.0   1   1

 CC#   1  51 IS 50.0   1   1

 CC#   1  52 IS 51.0   1   1

 CC#   1  53 IS 52.0   1   1

 CC#   1  54 IS 53.0   1   1

 CC#   1  55 IS 54.0   1   1

 CC#   1  56 IS 55.0   1   1

 CC#   1  57 IS 56.0   1   1

 CC#   1  58 IS 57.0   1   1

 CC#   1  59 IS 58.0   1   1
     0.01 deg.: X-S =   1.6087E+16 mb/sr,
+                                         /R =   1.0000E+00
     1.00 deg.: X-S =   1.6200E+08 mb/sr,
+                                         /R =   1.0070E+00
     2.00 deg.: X-S =   1.0247E+07 mb/sr,
+                                         /R =   1.0189E+00
     3.00 deg.: X-S =   2.2297E+06 mb/sr,
+                                         /R =   1.1222E+00
     4.00 deg.: X-S =   6.2112E+05 mb/sr,
+                                         /R =   9.8760E-01
     5.00 deg.: X-S =   2.5247E+05 mb/sr,
+                                         /R =   9.7962E-01
     6.00 deg.: X-S =   1.1380E+05 mb/sr,
+                                         /R =   9.1508E-01
     7.00 deg.: X-S =   4.3653E+04 mb/sr,
+                                         /R =   6.4990E-01
     8.00 deg.: X-S =   1.4969E+04 mb/sr,
+                                         /R =   3.7989E-01
     9.00 deg.: X-S =  7272.414116 mb/sr,
+                                         /R =   2.9538E-01
    10.00 deg.: X-S =  5624.682277 mb/sr,
+                                         /R =   3.4786E-01
    11.00 deg.: X-S =  4056.845056 mb/sr,
+                                         /R =   3.6695E-01
    12.00 deg.: X-S =  2118.965760 mb/sr,
+                                         /R =   2.7114E-01
    13.00 deg.: X-S =   706.809472 mb/sr,
+                                         /R =   1.2441E-01
    14.00 deg.: X-S =   150.062890 mb/sr,
+                                         /R =   3.5480E-02
    15.00 deg.: X-S =   143.801491 mb/sr,
+                                         /R =   4.4739E-02
    16.00 deg.: X-S =   259.254063 mb/sr,
+                                         /R =   1.0425E-01
    17.00 deg.: X-S =   272.315738 mb/sr,
+                                         /R =   1.3932E-01
    18.00 deg.: X-S =   180.376364 mb/sr,
+                                         /R =   1.1578E-01
    19.00 deg.: X-S =    71.292901 mb/sr,
+                                         /R =   5.6704E-02
    20.00 deg.: X-S =     9.757557 mb/sr,
+                                         /R =   9.5093E-03
    21.00 deg.: X-S =     2.470249 mb/sr,
+                                         /R =   2.9201E-03
    22.00 deg.: X-S =    20.880143 mb/sr,
+                                         /R =   2.9666E-02
    23.00 deg.: X-S =    35.876480 mb/sr,
+                                         /R =   6.0752E-02
    24.00 deg.: X-S =    35.730970 mb/sr,
+                                         /R =   7.1563E-02
    25.00 deg.: X-S =    24.515225 mb/sr,
+                                         /R =   5.7665E-02
    26.00 deg.: X-S =    11.888178 mb/sr,
+                                         /R =   3.2628E-02
    27.00 deg.: X-S =     4.570273 mb/sr,
+                                         /R =   1.4548E-02
    28.00 deg.: X-S =     3.507750 mb/sr,
+                                         /R =   1.2878E-02
    29.00 deg.: X-S =     5.686882 mb/sr,
+                                         /R =   2.3955E-02
    30.00 deg.: X-S =     7.560875 mb/sr,
+                                         /R =   3.6365E-02
    31.00 deg.: X-S =     7.398406 mb/sr,
+                                         /R =   4.0445E-02
    32.00 deg.: X-S =     5.541498 mb/sr,
+                                         /R =   3.4285E-02
    33.00 deg.: X-S =     3.289301 mb/sr,
+                                         /R =   2.2940E-02
    34.00 deg.: X-S =     1.718730 mb/sr,
+                                         /R =   1.3461E-02
    35.00 deg.: X-S =     1.170584 mb/sr,
+                                         /R =   1.0259E-02
    36.00 deg.: X-S =     1.350516 mb/sr,
+                                         /R =   1.3199E-02
    37.00 deg.: X-S =     1.710148 mb/sr,
+                                         /R =   1.8581E-02
    38.00 deg.: X-S =     1.832476 mb/sr,
+                                         /R =   2.2067E-02
    39.00 deg.: X-S =     1.629361 mb/sr,
+                                         /R =   2.1683E-02
    40.00 deg.: X-S =     1.274757 mb/sr,
+                                         /R =   1.8697E-02
    41.00 deg.: X-S =     0.985929 mb/sr,
+                                         /R =   1.5896E-02
    42.00 deg.: X-S =     0.860875 mb/sr,
+                                         /R =   1.5219E-02
    43.00 deg.: X-S =     0.868534 mb/sr,
+                                         /R =   1.6796E-02
    44.00 deg.: X-S =     0.921709 mb/sr,
+                                         /R =   1.9455E-02
    45.00 deg.: X-S =     0.937428 mb/sr,
+                                         /R =   2.1549E-02
    46.00 deg.: X-S =     0.868705 mb/sr,
+                                         /R =   2.1703E-02
    47.00 deg.: X-S =     0.722190 mb/sr,
+                                         /R =   1.9569E-02
    48.00 deg.: X-S =     0.548977 mb/sr,
+                                         /R =   1.6104E-02
    49.00 deg.: X-S =     0.403437 mb/sr,
+                                         /R =   1.2788E-02
    50.00 deg.: X-S =     0.305896 mb/sr,
+                                         /R =   1.0459E-02
    51.00 deg.: X-S =     0.243621 mb/sr,
+                                         /R =   8.9697E-03
    52.00 deg.: X-S =     0.197226 mb/sr,
+                                         /R =   7.8066E-03
    53.00 deg.: X-S =     0.156659 mb/sr,
+                                         /R =   6.6557E-03
    54.00 deg.: X-S =     0.118433 mb/sr,
+                                         /R =   5.3925E-03
    55.00 deg.: X-S =     0.082117 mb/sr,
+                                         /R =   4.0011E-03
    56.00 deg.: X-S =     0.052529 mb/sr,
+                                         /R =   2.7351E-03
    57.00 deg.: X-S =     0.036992 mb/sr,
+                                         /R =   2.0554E-03
    58.00 deg.: X-S =     0.036792 mb/sr,
+                                         /R =   2.1785E-03
    59.00 deg.: X-S =     0.045213 mb/sr,
+                                         /R =   2.8494E-03
    60.00 deg.: X-S =     0.054991 mb/sr,
+                                         /R =   3.6838E-03
    61.00 deg.: X-S =     0.063893 mb/sr,
+                                         /R =   4.5442E-03
    62.00 deg.: X-S =     0.072056 mb/sr,
+                                         /R =   5.4344E-03
    63.00 deg.: X-S =     0.078141 mb/sr,
+                                         /R =   6.2423E-03
    64.00 deg.: X-S =     0.081085 mb/sr,
+                                         /R =   6.8534E-03
    65.00 deg.: X-S =     0.082797 mb/sr,
+                                         /R =   7.3962E-03
    66.00 deg.: X-S =     0.085525 mb/sr,
+                                         /R =   8.0659E-03
    67.00 deg.: X-S =     0.087985 mb/sr,
+                                         /R =   8.7517E-03
    68.00 deg.: X-S =     0.087025 mb/sr,
+                                         /R =   9.1205E-03
    69.00 deg.: X-S =     0.082111 mb/sr,
+                                         /R =   9.0582E-03
    70.00 deg.: X-S =     0.075593 mb/sr,
+                                         /R =   8.7695E-03
    71.00 deg.: X-S =     0.069039 mb/sr,
+                                         /R =   8.4147E-03
    72.00 deg.: X-S =     0.061668 mb/sr,
+                                         /R =   7.8897E-03
    73.00 deg.: X-S =     0.052778 mb/sr,
+                                         /R =   7.0816E-03
    74.00 deg.: X-S =     0.043690 mb/sr,
+                                         /R =   6.1427E-03
    75.00 deg.: X-S =     0.036092 mb/sr,
+                                         /R =   5.3128E-03
    76.00 deg.: X-S =     0.029861 mb/sr,
+                                         /R =   4.5983E-03
    77.00 deg.: X-S =     0.023860 mb/sr,
+                                         /R =   3.8406E-03
    78.00 deg.: X-S =     0.017930 mb/sr,
+                                         /R =   3.0144E-03
    79.00 deg.: X-S =     0.012902 mb/sr,
+                                         /R =   2.2638E-03
    80.00 deg.: X-S =     0.009204 mb/sr,
+                                         /R =   1.6842E-03
    81.00 deg.: X-S =     0.006407 mb/sr,
+                                         /R =   1.2216E-03
    82.00 deg.: X-S =     0.004042 mb/sr,
+                                         /R =   8.0268E-04
    83.00 deg.: X-S =     0.002197 mb/sr,
+                                         /R =   4.5400E-04
    84.00 deg.: X-S =     0.001120 mb/sr,
+                                         /R =   2.4062E-04
    85.00 deg.: X-S =     0.000762 mb/sr,
+                                         /R =   1.7016E-04
    86.00 deg.: X-S =     0.000960 mb/sr,
+                                         /R =   2.2256E-04
    87.00 deg.: X-S =     0.001598 mb/sr,
+                                         /R =   3.8465E-04
    88.00 deg.: X-S =     0.002437 mb/sr,
+                                         /R =   6.0821E-04
    89.00 deg.: X-S =     0.003226 mb/sr,
+                                         /R =   8.3442E-04
    90.00 deg.: X-S =     0.004034 mb/sr,
+                                         /R =   1.0811E-03
    91.00 deg.: X-S =     0.005082 mb/sr,
+                                         /R =   1.4097E-03
    92.00 deg.: X-S =     0.006272 mb/sr,
+                                         /R =   1.8000E-03
    93.00 deg.: X-S =     0.007224 mb/sr,
+                                         /R =   2.1437E-03
    94.00 deg.: X-S =     0.007818 mb/sr,
+                                         /R =   2.3975E-03
    95.00 deg.: X-S =     0.008419 mb/sr,
+                                         /R =   2.6664E-03
    96.00 deg.: X-S =     0.009295 mb/sr,
+                                         /R =   3.0386E-03
    97.00 deg.: X-S =     0.010096 mb/sr,
+                                         /R =   3.4050E-03
    98.00 deg.: X-S =     0.010360 mb/sr,
+                                         /R =   3.6025E-03
    99.00 deg.: X-S =     0.010261 mb/sr,
+                                         /R =   3.6770E-03
   100.00 deg.: X-S =     0.010334 mb/sr,
+                                         /R =   3.8141E-03
   101.00 deg.: X-S =     0.010643 mb/sr,
+                                         /R =   4.0439E-03
   102.00 deg.: X-S =     0.010722 mb/sr,
+                                         /R =   4.1919E-03
   103.00 deg.: X-S =     0.010320 mb/sr,
+                                         /R =   4.1494E-03
   104.00 deg.: X-S =     0.009802 mb/sr,
+                                         /R =   4.0511E-03
   105.00 deg.: X-S =     0.009585 mb/sr,
+                                         /R =   4.0700E-03
   106.00 deg.: X-S =     0.009476 mb/sr,
+                                         /R =   4.1319E-03
   107.00 deg.: X-S =     0.009007 mb/sr,
+                                         /R =   4.0309E-03
   108.00 deg.: X-S =     0.008214 mb/sr,
+                                         /R =   3.7717E-03
   109.00 deg.: X-S =     0.007577 mb/sr,
+                                         /R =   3.5677E-03
   110.00 deg.: X-S =     0.007287 mb/sr,
+                                         /R =   3.5167E-03
   111.00 deg.: X-S =     0.007027 mb/sr,
+                                         /R =   3.4746E-03
   112.00 deg.: X-S =     0.006500 mb/sr,
+                                         /R =   3.2913E-03
   113.00 deg.: X-S =     0.005874 mb/sr,
+                                         /R =   3.0445E-03
   114.00 deg.: X-S =     0.005498 mb/sr,
+                                         /R =   2.9152E-03
   115.00 deg.: X-S =     0.005323 mb/sr,
+                                         /R =   2.8868E-03
   116.00 deg.: X-S =     0.004980 mb/sr,
+                                         /R =   2.7611E-03
   117.00 deg.: X-S =     0.004369 mb/sr,
+                                         /R =   2.4752E-03
   118.00 deg.: X-S =     0.003790 mb/sr,
+                                         /R =   2.1932E-03
   119.00 deg.: X-S =     0.003480 mb/sr,
+                                         /R =   2.0558E-03
   120.00 deg.: X-S =     0.003318 mb/sr,
+                                         /R =   2.0005E-03
   121.00 deg.: X-S =     0.003062 mb/sr,
+                                         /R =   1.8834E-03
   122.00 deg.: X-S =     0.002720 mb/sr,
+                                         /R =   1.7060E-03
   123.00 deg.: X-S =     0.002527 mb/sr,
+                                         /R =   1.6158E-03
   124.00 deg.: X-S =     0.002545 mb/sr,
+                                         /R =   1.6576E-03
   125.00 deg.: X-S =     0.002529 mb/sr,
+                                         /R =   1.6779E-03
   126.00 deg.: X-S =     0.002300 mb/sr,
+                                         /R =   1.5536E-03
   127.00 deg.: X-S =     0.001979 mb/sr,
+                                         /R =   1.3610E-03
   128.00 deg.: X-S =     0.001779 mb/sr,
+                                         /R =   1.2443E-03
   129.00 deg.: X-S =     0.001718 mb/sr,
+                                         /R =   1.2224E-03
   130.00 deg.: X-S =     0.001640 mb/sr,
+                                         /R =   1.1859E-03
   131.00 deg.: X-S =     0.001469 mb/sr,
+                                         /R =   1.0797E-03
   132.00 deg.: X-S =     0.001361 mb/sr,
+                                         /R =   1.0163E-03
   133.00 deg.: X-S =     0.001455 mb/sr,
+                                         /R =   1.1033E-03
   134.00 deg.: X-S =     0.001620 mb/sr,
+                                         /R =   1.2468E-03
   135.00 deg.: X-S =     0.001636 mb/sr,
+                                         /R =   1.2772E-03
   136.00 deg.: X-S =     0.001487 mb/sr,
+                                         /R =   1.1775E-03
   137.00 deg.: X-S =     0.001336 mb/sr,
+                                         /R =   1.0735E-03
   138.00 deg.: X-S =     0.001292 mb/sr,
+                                         /R =   1.0521E-03
   139.00 deg.: X-S =     0.001279 mb/sr,
+                                         /R =   1.0554E-03
   140.00 deg.: X-S =     0.001196 mb/sr,
+                                         /R =   9.9919E-04
   141.00 deg.: X-S =     0.001137 mb/sr,
+                                         /R =   9.6232E-04
   142.00 deg.: X-S =     0.001268 mb/sr,
+                                         /R =   1.0865E-03
   143.00 deg.: X-S =     0.001509 mb/sr,
+                                         /R =   1.3080E-03
   144.00 deg.: X-S =     0.001603 mb/sr,
+                                         /R =   1.4056E-03
   145.00 deg.: X-S =     0.001453 mb/sr,
+                                         /R =   1.2888E-03
   146.00 deg.: X-S =     0.001210 mb/sr,
+                                         /R =   1.0849E-03
   147.00 deg.: X-S =     0.001067 mb/sr,
+                                         /R =   9.6677E-04
   148.00 deg.: X-S =     0.001051 mb/sr,
+                                         /R =   9.6187E-04
   149.00 deg.: X-S =     0.001073 mb/sr,
+                                         /R =   9.9156E-04
   150.00 deg.: X-S =     0.001168 mb/sr,
+                                         /R =   1.0894E-03
   151.00 deg.: X-S =     0.001447 mb/sr,
+                                         /R =   1.3629E-03
   152.00 deg.: X-S =     0.001788 mb/sr,
+                                         /R =   1.6990E-03
   153.00 deg.: X-S =     0.001874 mb/sr,
+                                         /R =   1.7958E-03
   154.00 deg.: X-S =     0.001584 mb/sr,
+                                         /R =   1.5300E-03
   155.00 deg.: X-S =     0.001126 mb/sr,
+                                         /R =   1.0962E-03
   156.00 deg.: X-S =     0.000815 mb/sr,
+                                         /R =   7.9943E-04
   157.00 deg.: X-S =     0.000792 mb/sr,
+                                         /R =   7.8322E-04
   158.00 deg.: X-S =     0.000987 mb/sr,
+                                         /R =   9.8257E-04
   159.00 deg.: X-S =     0.001340 mb/sr,
+                                         /R =   1.3425E-03
   160.00 deg.: X-S =     0.001836 mb/sr,
+                                         /R =   1.8511E-03
   161.00 deg.: X-S =     0.002237 mb/sr,
+                                         /R =   2.2685E-03
   162.00 deg.: X-S =     0.002163 mb/sr,
+                                         /R =   2.2065E-03
   163.00 deg.: X-S =     0.001564 mb/sr,
+                                         /R =   1.6037E-03
   164.00 deg.: X-S =     0.000827 mb/sr,
+                                         /R =   8.5211E-04
   165.00 deg.: X-S =     0.000452 mb/sr,
+                                         /R =   4.6793E-04
   166.00 deg.: X-S =     0.000695 mb/sr,
+                                         /R =   7.2279E-04
   167.00 deg.: X-S =     0.001436 mb/sr,
+                                         /R =   1.5002E-03
   168.00 deg.: X-S =     0.002390 mb/sr,
+                                         /R =   2.5062E-03
   169.00 deg.: X-S =     0.003268 mb/sr,
+                                         /R =   3.4391E-03
   170.00 deg.: X-S =     0.003615 mb/sr,
+                                         /R =   3.8159E-03
   171.00 deg.: X-S =     0.002991 mb/sr,
+                                         /R =   3.1667E-03
   172.00 deg.: X-S =     0.001606 mb/sr,
+                                         /R =   1.7047E-03
   173.00 deg.: X-S =     0.000351 mb/sr,
+                                         /R =   3.7314E-04
   174.00 deg.: X-S =     0.000224 mb/sr,
+                                         /R =   2.3855E-04
   175.00 deg.: X-S =     0.001893 mb/sr,
+                                         /R =   2.0215E-03
   176.00 deg.: X-S =     0.005392 mb/sr,
+                                         /R =   5.7650E-03
   177.00 deg.: X-S =     0.010116 mb/sr,
+                                         /R =   1.0828E-02
   178.00 deg.: X-S =     0.015205 mb/sr,
+                                         /R =   1.6288E-02
   179.00 deg.: X-S =     0.019437 mb/sr,
+                                         /R =   2.0831E-02
   179.99 deg.: X-S =     0.021145 mb/sr,
+                                         /R =   2.2664E-02
 Finished all xsecs @    2.19149999E-02

  The following files have been created:
   3:local copy of User input.            6:standard output.                   
   7:elastic  S-matrix elements.         13:total cross sections/state.        
  16:tables of cross sections.           38:cross sections for each J/pi.      
  39:cross sections for each Ecm.        40:all cross sectns. for each Elab.   
  45:scat phase shift as E functions.    56:Fusion for each Jtotal.            
 201:Separate cross sections.           

 PARAMETERS : MAXQRN   MFNL   MLOC  LMAX1 MCLIST
    ALLOWED :      1      1      2    120      4
    REQUIRED:      0      0      2     59      2


 ACCURACY ANALYSIS at   132.000 MeV :

  Elastic h*k = 0.129 so OK       compared with 0.200

   Real(S-el) > 0.01 first at J =       2.0
   Real(S-el) > 0.10 first at J =      27.0
   Real(S-el) > 0.50 first at J =      29.0
   Real(S-el) > 0.90 first at J =      34.0
   Real(S-el) > 0.99 first at J =      40.0
   R-turn =    14.20 fm    at J =      58.0

 Forward-angle excitation cut off below   5.155 deg by max JT =      58.0
                              and below   0.700 deg by max R.

 Total CPU  0 time =       0.02 seconds
