 FRESCO - FRES 2.9: Coupled Reaction Channels(with LQ stabilization)
 Assuming NAMELIST input.

 He4 + Zr90 @ 79.5 MeV;                                                          

   0.030 100.000   0.500   0.000   0.000   0.000   0.000   0.000   0.000   0.000

 Centre-of-mass Range is   3334 * 0.0300 fm., Maximum at  99.96 fm., Interpolating NL forms every  0.51 fm.
 Non - locality width is      4 * 0.0300 fm., Maximum of   0.09 fm., Centred at  0.00 fm.
 2-Nucleon Separation of      0 * 0.5100 fm., Maximum of   0.00 fm., Minimum at  0.00 fm.
 Maximum single particle bins of 99.9600 fm.
               M,Mint =         3333        3333


 Range of total J is     0.0 <= J <=   100.0 (at least     0.0) and Absorbtion =>     0.0100 mb.
 Dry Run = F, CC set limits =  0  0, Relativistic kinematics =  , Both/Far/Near Analyses =  1

 Cross Sections (and up to T0 for 0=projectile) for Theta from   0.0 to 180.0 in steps of  1.0 degrees.  Coordinates = 0 (Mads)

 Lower Radial Cutoff = maximum of -1.60*L*h &       0.0 fm.,  Lower Cutoff for Couplings =   0.0  fm.


 Iterate Couplings between   0 and   0 times, to  0.000 % if sooner.                                          
  Block solved exactly =   0 chs., with Pade = 0 & Isocen =  =0, NOSOL = F, initwf =  0
  NL quadrature with   18 Gaussian points, Calculate multipoles up to   106 from   0
  M-transfers for lp+lt greater than or equal to  6, Angular Integration Cutoff below  2.7778 %


 Trace switches are :  CHANS =  1, LISTCC =  0, TRENEG =  0, CDETR =  0, SMATS =  2, XSTABL =  1, NLPL =  0

                       WAVES =  0, LAMPL =  0, VEFF =  0, KFUS =  0, WDISK =  0, BPM =  0, MELFIL =  0

                       CDCC =  0, NFUS =  0

 Using unit mass = 1.000000 amu and 1/fine-structure constant = 137.03599 ( 1.000000 * true ) with hc = 197.32705 MeV.fm,
  thus 2*amu/hbar^2 = 0.0478450 = 1/20.9008 and Coulomb constant = 0.1574855 so e^2 = 1.43997, and nuclear magneton= 0.1261183

 Now pre-scan input and save to file 3



 *********** PARTITION NUMBER  1 ******************************************************************************************

   PROJ=H4         MASS=  4.0000 Z=   2.0,        # STATES=    1T, TARG=Zr90     MASS= 90.0000 Z=  40.0,     Q-VALUE =  -0.0000 MEV.

     1:  J= 0.0+ (B# 1), E=  0.0000, K= 0.0              Potl#  1       J= 0.0+ (B# 1), E=  0.0000, K= 0.0    


 ************************************************************************************************************************************

 The following POTENTIALS are defined :

  KP#       TYPE      IT    SHAPE      at     V1        r1        a1        V2        r2        a2        A-in     A-used


                                            A#1       A#2        r0c       ac                                                h @ 1
    1    0=Coulomb       0=CHARGE (WS)  1    90.000     4.000    1.3000    0.0000    0.0000    0.0000     0.000   223.517   0.03000

    1    1=Volume        0=Woods-Saxon  2  141.2000    1.2250    0.8210   18.4900    1.5750    0.5650     0.000   223.517
0Incoming partition  1 in excitation state # 1,   Laboratory Energy given for partition  1 Nucleus 1 in Excitation pair 1

0Lab. ENERGY ranges :

   from    79.5000     to   0.00000     in     0 intervals
   from    0.00000     to   0.00000     in     0 intervals
   from    0.00000     to   0.00000     in     0 intervals

 Largest real,imaginary parts of any form factor at R=   99.66 are   1.44E-02  4.95E-32 MeV
 Finished all Couplings @    1.12599973E-03           2

 Symmetric Hamiltonian
1***********************************************************************************************************************************
************************************************************************************************************************************

        INCOMING H4       ;    LABORATORY H4       ENERGY =   79.500     MeV.

 ***********************************************************************************************************************************
 ***********************************************************************************************************************************


  NOTE: Coulomb excitation cut off below   3.222 deg by JTMAX, and below   0.867 deg by Rmax

 Allocate arrays for            1  channels, of which            1  need wfs.

 ######################################################################################################################
 #                                                                                                                    #
 # Total SPIN and PARITY =     0.0 +,    1 channels,    0 in 1st block.  Rmin & Coul turning =    0.0    1.5 fm.  #
 #                                                                                                                    #
 ######################################################################################################################



    C Projectl Target   #   EX.   (L  Proj) J  + Targ = Jtotal     E-cm      Re K     Re Eta     RM*K            CH
    1 H4       Zr90     #    1: I   0 0.0    0.0  0.0     0.0    76.11702   3.73462   2.82603  373.3129   0.23775  -0.44203 1 1 1   1
   S-matrix    1 =    0.00202  -0.00109 for L=    0, J=    0.0 channel on core I =   0.0 from L=    0,  Acc. loss =  0.0 D.
 Elastic phase shift   1 =  -14.158 174.046 deg. for the L =    0, J =    0.0 channel.
       0.0  0.00202377 -0.00109037i: elastic S-matrix  @@      0.00  0   0 F  0
 Reaction Xsec     0.0+/ 0 @ 1 =   2.252 , Out:   0.000#


 Total SPIN, PARITY =     1.0 -,    1 chs,    0 cc.  Rmin & Coul turning =    0.0    1.6
   S-matrix    1 =   -0.00228  -0.00034 for L=    1, J=    1.0 channel on core I =   0.0 from L=    1,  Acc. loss =  0.0 D.
 Elastic phase shift   1 =  -85.757 173.993 deg. for the L =    1, J =    1.0 channel.
       1.0 -0.00227791 -0.00033984i: elastic S-matrix  @@      0.00  0   0 F  0
 Reaction Xsec     1.0-/ 1 @ 1 =   6.757 , Out:   0.000#


 Total SPIN, PARITY =     2.0 +,    1 chs,    0 cc.  Rmin & Coul turning =    0.1    1.8
   S-matrix    1 =    0.00055   0.00224 for L=    2, J=    2.0 channel on core I =   0.0 from L=    2,  Acc. loss =  0.0 D.
 Elastic phase shift   1 =   38.150 173.990 deg. for the L =    2, J =    2.0 channel.
       2.0  0.00054549  0.00223778i: elastic S-matrix  @@      0.00  0   0 F  0
 Reaction Xsec     2.0+/ 2 @ 1 =  11.262 , Out:   0.000#


 Total SPIN, PARITY =     3.0 -,    1 chs,    0 cc.  Rmin & Coul turning =    0.1    2.0
   S-matrix    1 =    0.00222  -0.00063 for L=    3, J=    3.0 channel on core I =   0.0 from L=    3,  Acc. loss =  0.0 D.
 Elastic phase shift   1 =   -7.891 173.932 deg. for the L =    3, J =    3.0 channel.
       3.0  0.00222099 -0.00062771i: elastic S-matrix  @@      0.00  0   0 F  0
 Reaction Xsec     3.0-/ 3 @ 1 =  15.767 , Out:   0.000#


 Total SPIN, PARITY =     4.0 +,    1 chs,    0 cc.  Rmin & Coul turning =    0.2    2.2
   S-matrix    1 =   -0.00009  -0.00231 for L=    4, J=    4.0 channel on core I =   0.0 from L=    4,  Acc. loss =  0.0 D.
 Elastic phase shift   1 =  -46.138 173.866 deg. for the L =    4, J =    4.0 channel.
       4.0 -0.00009186 -0.00231153i: elastic S-matrix  @@      0.00  0   0 F  0
 Reaction Xsec     4.0+/ 4 @ 1 =  20.272 , Out:   0.000#


 Total SPIN, PARITY =     5.0 -,    1 chs,    0 cc.  Rmin & Coul turning =    0.2    2.4
   S-matrix    1 =   -0.00218  -0.00079 for L=    5, J=    5.0 channel on core I =   0.0 from L=    5,  Acc. loss =  0.0 D.
 Elastic phase shift   1 =  -80.074 173.838 deg. for the L =    5, J =    5.0 channel.
       5.0 -0.00217801 -0.00078637i: elastic S-matrix  @@      0.00  0   0 F  0
 Reaction Xsec     5.0-/ 5 @ 1 =  24.777 , Out:   0.000#


 Total SPIN, PARITY =     6.0 +,    1 chs,    0 cc.  Rmin & Coul turning =    0.3    2.6
   S-matrix    1 =   -0.00179   0.00150 for L=    6, J=    6.0 channel on core I =   0.0 from L=    6,  Acc. loss =  0.0 D.
 Elastic phase shift   1 =   70.029 173.669 deg. for the L =    6, J =    6.0 channel.
       6.0 -0.00178581  0.00149544i: elastic S-matrix  @@      0.00  0   0 F  0
 Reaction Xsec     6.0+/ 6 @ 1 =  29.282 , Out:   0.000#


 Total SPIN, PARITY =     7.0 -,    1 chs,    0 cc.  Rmin & Coul turning =    0.3    2.9
   S-matrix    1 =    0.00026   0.00231 for L=    7, J=    7.0 channel on core I =   0.0 from L=    7,  Acc. loss =  0.0 D.
 Elastic phase shift   1 =   41.836 173.730 deg. for the L =    7, J =    7.0 channel.
       7.0  0.00025622  0.00231015i: elastic S-matrix  @@      0.00  0   0 F  0
 Reaction Xsec     7.0-/ 7 @ 1 =  33.787 , Out:   0.000#


 Total SPIN, PARITY =     8.0 +,    1 chs,    0 cc.  Rmin & Coul turning =    0.4    3.2
   S-matrix    1 =    0.00200   0.00124 for L=    8, J=    8.0 channel on core I =   0.0 from L=    8,  Acc. loss =  0.0 D.
 Elastic phase shift   1 =   15.954 173.407 deg. for the L =    8, J =    8.0 channel.
       8.0  0.00199552  0.00124252i: elastic S-matrix  @@      0.00  0   0 F  0
 Reaction Xsec     8.0+/ 8 @ 1 =  38.292 , Out:   0.000#


 Total SPIN, PARITY =     9.0 -,    1 chs,    0 cc.  Rmin & Coul turning =    0.4    3.4
   S-matrix    1 =    0.00221  -0.00076 for L=    9, J=    9.0 channel on core I =   0.0 from L=    9,  Acc. loss =  0.0 D.
 Elastic phase shift   1 =   -9.458 173.642 deg. for the L =    9, J =    9.0 channel.
       9.0  0.00220555 -0.00075582i: elastic S-matrix  @@      0.00  0   0 F  0
 Reaction Xsec     9.0-/ 9 @ 1 =  42.796 , Out:   0.000#


 Total SPIN, PARITY =    10.0 +,    1 chs,    0 cc.  Rmin & Coul turning =    0.5    3.7
   S-matrix    1 =    0.00092  -0.00219 for L=   10, J=   10.0 channel on core I =   0.0 from L=   10,  Acc. loss =  0.0 D.
 Elastic phase shift   1 =  -33.580 173.094 deg. for the L =   10, J =   10.0 channel.
      10.0  0.00092243 -0.00219017i: elastic S-matrix  @@      0.00  0   0 F  0
 Reaction Xsec    10.0+/10 @ 1 =  47.301 , Out:   0.000#


 Total SPIN, PARITY =    11.0 -,    1 chs,    0 cc.  Rmin & Coul turning =    0.5    3.9
   S-matrix    1 =   -0.00100  -0.00211 for L=   11, J=   11.0 channel on core I =   0.0 from L=   11,  Acc. loss =  0.0 D.
 Elastic phase shift   1 =  -57.689 173.595 deg. for the L =   11, J =   11.0 channel.
      11.0 -0.00100087 -0.00210997i: elastic S-matrix  @@      0.00  0   0 F  0
 Reaction Xsec    11.0-/11 @ 1 =  51.806 , Out:   0.000#


 Total SPIN, PARITY =    12.0 +,    1 chs,    0 cc.  Rmin & Coul turning =    0.6    4.2
   S-matrix    1 =   -0.00230  -0.00070 for L=   12, J=   12.0 channel on core I =   0.0 from L=   12,  Acc. loss =  0.0 D.
 Elastic phase shift   1 =  -81.533 172.805 deg. for the L =   12, J =   12.0 channel.
      12.0 -0.00229652 -0.00069925i: elastic S-matrix  @@      0.00  0   0 F  0
 Reaction Xsec    12.0+/12 @ 1 =  56.311 , Out:   0.000#


 Total SPIN, PARITY =    13.0 -,    1 chs,    0 cc.  Rmin & Coul turning =    0.6    4.4
   S-matrix    1 =   -0.00203   0.00117 for L=   13, J=   13.0 channel on core I =   0.0 from L=   13,  Acc. loss =  0.0 D.
 Elastic phase shift   1 =   74.969 173.534 deg. for the L =   13, J =   13.0 channel.
      13.0 -0.00202545  0.00117237i: elastic S-matrix  @@      0.00  0   0 F  0
 Reaction Xsec    13.0-/13 @ 1 =  60.816 , Out:   0.000#


 Total SPIN, PARITY =    14.0 +,    1 chs,    0 cc.  Rmin & Coul turning =    0.7    4.7
   S-matrix    1 =   -0.00043   0.00237 for L=   14, J=   14.0 channel on core I =   0.0 from L=   14,  Acc. loss =  0.0 D.
 Elastic phase shift   1 =   50.191 172.750 deg. for the L =   14, J =   14.0 channel.
      14.0 -0.00043345  0.00236587i: elastic S-matrix  @@      0.00  0   0 F  0
 Reaction Xsec    14.0+/14 @ 1 =  65.321 , Out:   0.000#


 Total SPIN, PARITY =    15.0 -,    1 chs,    0 cc.  Rmin & Coul turning =    0.7    5.0
   S-matrix    1 =    0.00139   0.00191 for L=   15, J=   15.0 channel on core I =   0.0 from L=   15,  Acc. loss =  0.0 D.
 Elastic phase shift   1 =   26.951 173.248 deg. for the L =   15, J =   15.0 channel.
      15.0  0.00139266  0.00191000i: elastic S-matrix  @@      0.00  0   0 F  0
 Reaction Xsec    15.0-/15 @ 1 =  69.826 , Out:   0.000#


 Total SPIN, PARITY =    16.0 +,    1 chs,    0 cc.  Rmin & Coul turning =    0.8    5.2
   S-matrix    1 =    0.00236   0.00003 for L=   16, J=   16.0 channel on core I =   0.0 from L=   16,  Acc. loss =  0.0 D.
 Elastic phase shift   1 =    0.392 173.334 deg. for the L =   16, J =   16.0 channel.
      16.0  0.00235651  0.00003227i: elastic S-matrix  @@      0.00  0   0 F  0
 Reaction Xsec    16.0+/16 @ 1 =  74.331 , Out:   0.000#


 Total SPIN, PARITY =    17.0 -,    1 chs,    0 cc.  Rmin & Coul turning =    0.8    5.5
   S-matrix    1 =    0.00166  -0.00177 for L=   17, J=   17.0 channel on core I =   0.0 from L=   17,  Acc. loss =  0.0 D.
 Elastic phase shift   1 =  -23.394 172.503 deg. for the L =   17, J =   17.0 channel.
      17.0  0.00166112 -0.00176823i: elastic S-matrix  @@      0.00  0   0 F  0
 Reaction Xsec    17.0-/17 @ 1 =  78.836 , Out:   0.000#


 Total SPIN, PARITY =    18.0 +,    1 chs,    0 cc.  Rmin & Coul turning =    0.8    5.8
   S-matrix    1 =   -0.00049  -0.00218 for L=   18, J=   18.0 channel on core I =   0.0 from L=   18,  Acc. loss =  0.0 D.
 Elastic phase shift   1 =  -51.288 174.887 deg. for the L =   18, J =   18.0 channel.
      18.0 -0.00048603 -0.00217880i: elastic S-matrix  @@      0.00  0   0 F  0
 Reaction Xsec    18.0+/18 @ 1 =  83.340 , Out:   0.000#


 Total SPIN, PARITY =    19.0 -,    1 chs,    0 cc.  Rmin & Coul turning =    0.9    6.0
   S-matrix    1 =   -0.00228  -0.00100 for L=   19, J=   19.0 channel on core I =   0.0 from L=   19,  Acc. loss =  0.0 D.
 Elastic phase shift   1 =  -78.139 171.746 deg. for the L =   19, J =   19.0 channel.
      19.0 -0.00228053 -0.00100209i: elastic S-matrix  @@      0.00  0   0 F  0
 Reaction Xsec    19.0-/19 @ 1 =  87.845 , Out:   0.000#


 Total SPIN, PARITY =    20.0 +,    1 chs,    0 cc.  Rmin & Coul turning =    1.0    6.3
   S-matrix    1 =   -0.00185   0.00103 for L=   20, J=   20.0 channel on core I =   0.0 from L=   20,  Acc. loss =  0.0 D.
 Elastic phase shift   1 =   75.517 176.384 deg. for the L =   20, J =   20.0 channel.
      20.0 -0.00185365  0.00102603i: elastic S-matrix  @@      0.00  0   0 F  0
 Reaction Xsec    20.0+/20 @ 1 =  92.350 , Out:   0.000#


 Total SPIN, PARITY =    21.0 -,    1 chs,    0 cc.  Rmin & Coul turning =    1.0    6.6
   S-matrix    1 =    0.00034   0.00236 for L=   21, J=   21.0 channel on core I =   0.0 from L=   21,  Acc. loss =  0.0 D.
 Elastic phase shift   1 =   40.859 173.008 deg. for the L =   21, J =   21.0 channel.
      21.0  0.00034337  0.00235883i: elastic S-matrix  @@      0.00  0   0 F  0
 Reaction Xsec    21.0-/21 @ 1 =  96.855 , Out:   0.000#


 Total SPIN, PARITY =    22.0 +,    1 chs,    0 cc.  Rmin & Coul turning =    1.1    6.8
   S-matrix    1 =    0.00183   0.00139 for L=   22, J=   22.0 channel on core I =   0.0 from L=   22,  Acc. loss =  0.0 D.
 Elastic phase shift   1 =   18.562 174.058 deg. for the L =   22, J =   22.0 channel.
      22.0  0.00183219  0.00138684i: elastic S-matrix  @@      0.00  0   0 F  0
 Reaction Xsec    22.0+/22 @ 1 = 101.360 , Out:   0.000#


 Total SPIN, PARITY =    23.0 -,    1 chs,    0 cc.  Rmin & Coul turning =    1.1    7.1
   S-matrix    1 =    0.00108  -0.00142 for L=   23, J=   23.0 channel on core I =   0.0 from L=   23,  Acc. loss =  0.0 D.
 Elastic phase shift   1 =  -26.319 181.312 deg. for the L =   23, J =   23.0 channel.
      23.0  0.00108254 -0.00141783i: elastic S-matrix  @@      0.00  0   0 F  0
 Reaction Xsec    23.0-/23 @ 1 = 105.865 , Out:   0.000#


 Total SPIN, PARITY =    24.0 +,    1 chs,    0 cc.  Rmin & Coul turning =    1.1    7.4
   S-matrix    1 =   -0.00057  -0.00283 for L=   24, J=   24.0 channel on core I =   0.0 from L=   24,  Acc. loss =  0.0 D.
 Elastic phase shift   1 =  -50.718 167.548 deg. for the L =   24, J =   24.0 channel.
      24.0 -0.00057188 -0.00282691i: elastic S-matrix  @@      0.00  0   0 F  0
 Reaction Xsec    24.0+/24 @ 1 = 110.369 , Out:   0.000#


 Total SPIN, PARITY =    25.0 -,    1 chs,    0 cc.  Rmin & Coul turning =    1.2    7.6
   S-matrix    1 =   -0.00064  -0.00041 for L=   25, J=   25.0 channel on core I =   0.0 from L=   25,  Acc. loss =  0.0 D.
 Elastic phase shift   1 =  -73.690 205.571 deg. for the L =   25, J =   25.0 channel.
      25.0 -0.00064422 -0.00041233i: elastic S-matrix  @@      0.00  0   0 F  0
 Reaction Xsec    25.0-/25 @ 1 = 114.875 , Out:   0.000#


 Total SPIN, PARITY =    26.0 +,    1 chs,    0 cc.  Rmin & Coul turning =    1.2    7.9
   S-matrix    1 =    0.00071   0.00341 for L=   26, J=   26.0 channel on core I =   0.0 from L=   26,  Acc. loss =  0.0 D.
 Elastic phase shift   1 =   39.111 162.159 deg. for the L =   26, J =   26.0 channel.
      26.0  0.00071056  0.00340777i: elastic S-matrix  @@      0.00  0   0 F  0
 Reaction Xsec    26.0+/26 @ 1 = 119.379 , Out:   0.000#


 Total SPIN, PARITY =    27.0 -,    1 chs,    0 cc.  Rmin & Coul turning =    1.3    8.2
   S-matrix    1 =   -0.00020   0.00355 for L=   27, J=   27.0 channel on core I =   0.0 from L=   27,  Acc. loss =  0.0 D.
 Elastic phase shift   1 =   46.589 161.570 deg. for the L =   27, J =   27.0 channel.
      27.0 -0.00019704  0.00354799i: elastic S-matrix  @@      0.00  0   0 F  0
 Reaction Xsec    27.0-/27 @ 1 = 123.884 , Out:   0.000#


 Total SPIN, PARITY =    28.0 +,    1 chs,    0 cc.  Rmin & Coul turning =    1.3    8.4
   S-matrix    1 =   -0.00493  -0.00128 for L=   28, J=   28.0 channel on core I =   0.0 from L=   28,  Acc. loss =  0.0 D.
 Elastic phase shift   1 =  -82.732 151.269 deg. for the L =   28, J =   28.0 channel.
      28.0 -0.00492810 -0.00127774i: elastic S-matrix  @@      0.00  0   0 F  0
 Reaction Xsec    28.0+/28 @ 1 = 128.387 , Out:   0.000#


 Total SPIN, PARITY =    29.0 -,    1 chs,    0 cc.  Rmin & Coul turning =    1.4    8.7
   S-matrix    1 =   -0.00686  -0.00833 for L=   29, J=   29.0 channel on core I =   0.0 from L=   29,  Acc. loss =  0.0 D.
 Elastic phase shift   1 =  -64.742 129.748 deg. for the L =   29, J =   29.0 channel.
      29.0 -0.00686149 -0.00832849i: elastic S-matrix  @@      0.00  0   0 F  0
 Reaction Xsec    29.0-/29 @ 1 = 132.879 , Out:   0.000#


 Total SPIN, PARITY =    30.0 +,    1 chs,    0 cc.  Rmin & Coul turning =    1.4    9.0
   S-matrix    1 =    0.00299  -0.01618 for L=   30, J=   30.0 channel on core I =   0.0 from L=   30,  Acc. loss =  0.0 D.
 Elastic phase shift   1 =  -39.766 117.665 deg. for the L =   30, J =   30.0 channel.
      30.0  0.00298950 -0.01617879i: elastic S-matrix  @@      0.00  0   0 F  0
 Reaction Xsec    30.0+/30 @ 1 = 137.363 , Out:   0.000#


 Total SPIN, PARITY =    31.0 -,    1 chs,    0 cc.  Rmin & Coul turning =    1.5    9.2
   S-matrix    1 =    0.02539  -0.02074 for L=   31, J=   31.0 channel on core I =   0.0 from L=   31,  Acc. loss =  0.0 D.
 Elastic phase shift   1 =  -19.620  97.917 deg. for the L =   31, J =   31.0 channel.
      31.0  0.02538795 -0.02073552i: elastic S-matrix  @@      0.00  0   0 F  0
 Reaction Xsec    31.0-/31 @ 1 = 141.752 , Out:   0.000#


 Total SPIN, PARITY =    32.0 +,    1 chs,    0 cc.  Rmin & Coul turning =    1.5    9.5
   S-matrix    1 =    0.05920  -0.00976 for L=   32, J=   32.0 channel on core I =   0.0 from L=   32,  Acc. loss =  0.0 D.
 Elastic phase shift   1 =   -4.679  80.599 deg. for the L =   32, J =   32.0 channel.
      32.0  0.05919973 -0.00975542i: elastic S-matrix  @@      0.00  0   0 F  0
 Reaction Xsec    32.0+/32 @ 1 = 145.883 , Out:   0.000#


 Total SPIN, PARITY =    33.0 -,    1 chs,    0 cc.  Rmin & Coul turning =    1.6    9.8
   S-matrix    1 =    0.10890   0.02554 for L=   33, J=   33.0 channel on core I =   0.0 from L=   33,  Acc. loss =  0.0 D.
 Elastic phase shift   1 =    6.599  62.754 deg. for the L =   33, J =   33.0 channel.
      33.0  0.10890446  0.02553988i: elastic S-matrix  @@      0.00  0   0 F  0
 Reaction Xsec    33.0-/33 @ 1 = 149.026 , Out:   0.000#


 Total SPIN, PARITY =    34.0 +,    1 chs,    0 cc.  Rmin & Coul turning =    1.6   10.0
   S-matrix    1 =    0.17988   0.08675 for L=   34, J=   34.0 channel on core I =   0.0 from L=   34,  Acc. loss =  0.0 D.
 Elastic phase shift   1 =   12.873  46.150 deg. for the L =   34, J =   34.0 channel.
      34.0  0.17987994  0.08674510i: elastic S-matrix  @@      0.00  0   0 F  0
 Reaction Xsec    34.0+/34 @ 1 = 149.221 , Out:   0.000#


 Total SPIN, PARITY =    35.0 -,    1 chs,    0 cc.  Rmin & Coul turning =    1.7   10.3
   S-matrix    1 =    0.28397   0.16497 for L=   35, J=   35.0 channel on core I =   0.0 from L=   35,  Acc. loss =  0.0 D.
 Elastic phase shift   1 =   15.077  31.899 deg. for the L =   35, J =   35.0 channel.
      35.0  0.28396997  0.16496607i: elastic S-matrix  @@      0.00  0   0 F  0
 Reaction Xsec    35.0-/35 @ 1 = 142.676 , Out:   0.000#


 Total SPIN, PARITY =    36.0 +,    1 chs,    0 cc.  Rmin & Coul turning =    1.7   10.6
   S-matrix    1 =    0.42430   0.23089 for L=   36, J=   36.0 channel on core I =   0.0 from L=   36,  Acc. loss =  0.0 D.
 Elastic phase shift   1 =   14.277  20.845 deg. for the L =   36, J =   36.0 channel.
      36.0  0.42430132  0.23089095i: elastic S-matrix  @@      0.00  0   0 F  0
 Reaction Xsec    36.0+/36 @ 1 = 126.061 , Out:   0.000#


 Total SPIN, PARITY =    37.0 -,    1 chs,    0 cc.  Rmin & Coul turning =    1.8   10.8
   S-matrix    1 =    0.57814   0.25739 for L=   37, J=   37.0 channel on core I =   0.0 from L=   37,  Acc. loss =  0.0 D.
 Elastic phase shift   1 =   11.999  13.107 deg. for the L =   37, J =   37.0 channel.
      37.0  0.57814235  0.25739242i: elastic S-matrix  @@      0.00  0   0 F  0
 Reaction Xsec    37.0-/37 @ 1 = 101.276 , Out:   0.000#


 Total SPIN, PARITY =    38.0 +,    1 chs,    0 cc.  Rmin & Coul turning =    1.8   11.1
   S-matrix    1 =    0.71396   0.24342 for L=   38, J=   38.0 channel on core I =   0.0 from L=   38,  Acc. loss =  0.0 D.
 Elastic phase shift   1 =    9.413   8.077 deg. for the L =   38, J =   38.0 channel.
      38.0  0.71395756  0.24342385i: elastic S-matrix  @@      0.00  0   0 F  0
 Reaction Xsec    38.0+/38 @ 1 =  74.754 , Out:   0.000#


 Total SPIN, PARITY =    39.0 -,    1 chs,    0 cc.  Rmin & Coul turning =    1.9   11.4
   S-matrix    1 =    0.81573   0.20667 for L=   39, J=   39.0 channel on core I =   0.0 from L=   39,  Acc. loss =  0.0 D.
 Elastic phase shift   1 =    7.109   4.944 deg. for the L =   39, J =   39.0 channel.
      39.0  0.81573360  0.20667055i: elastic S-matrix  @@      0.00  0   0 F  0
 Reaction Xsec    39.0-/39 @ 1 =  51.936 , Out:   0.000#


 Total SPIN, PARITY =    40.0 +,    1 chs,    0 cc.  Rmin & Coul turning =    1.9   11.6
   S-matrix    1 =    0.88459   0.16432 for L=   40, J=   40.0 channel on core I =   0.0 from L=   40,  Acc. loss =  0.0 D.
 Elastic phase shift   1 =    5.262   3.027 deg. for the L =   40, J =   40.0 channel.
      40.0  0.88459484  0.16432309i: elastic S-matrix  @@      0.00  0   0 F  0
 Reaction Xsec    40.0+/40 @ 1 =  34.755 , Out:   0.000#


 Total SPIN, PARITY =    41.0 -,    1 chs,    0 cc.  Rmin & Coul turning =    1.9   11.9
   S-matrix    1 =    0.92865   0.12576 for L=   41, J=   41.0 channel on core I =   0.0 from L=   41,  Acc. loss =  0.0 D.
 Elastic phase shift   1 =    3.856   1.860 deg. for the L =   41, J =   41.0 channel.
      41.0  0.92864849  0.12576221i: elastic S-matrix  @@      0.00  0   0 F  0
 Reaction Xsec    41.0-/41 @ 1 =  22.770 , Out:   0.000#


 Total SPIN, PARITY =    42.0 +,    1 chs,    0 cc.  Rmin & Coul turning =    2.0   12.2
   S-matrix    1 =    0.95607   0.09419 for L=   42, J=   42.0 channel on core I =   0.0 from L=   42,  Acc. loss =  0.0 D.
 Elastic phase shift   1 =    2.813   1.149 deg. for the L =   42, J =   42.0 channel.
      42.0  0.95607159  0.09418925i: elastic S-matrix  @@      0.00  0   0 F  0
 Reaction Xsec    42.0+/42 @ 1 =  14.753 , Out:   0.000#


 Total SPIN, PARITY =    43.0 -,    1 chs,    0 cc.  Rmin & Coul turning =    2.0   12.4
   S-matrix    1 =    0.97295   0.06969 for L=   43, J=   43.0 channel on core I =   0.0 from L=   43,  Acc. loss =  0.0 D.
 Elastic phase shift   1 =    2.049   0.712 deg. for the L =   43, J =   43.0 channel.
      43.0  0.97295046  0.06969279i: elastic S-matrix  @@      0.00  0   0 F  0
 Reaction Xsec    43.0-/43 @ 1 =   9.506 , Out:   0.000#


 Total SPIN, PARITY =    44.0 +,    1 chs,    0 cc.  Rmin & Coul turning =    2.1   12.7
   S-matrix    1 =    0.98331   0.05122 for L=   44, J=   44.0 channel on core I =   0.0 from L=   44,  Acc. loss =  0.0 D.
 Elastic phase shift   1 =    1.491   0.443 deg. for the L =   44, J =   44.0 channel.
      44.0  0.98330840  0.05122099i: elastic S-matrix  @@      0.00  0   0 F  0
 Reaction Xsec    44.0+/44 @ 1 =   6.110 , Out:   0.000#


 Total SPIN, PARITY =    45.0 -,    1 chs,    0 cc.  Rmin & Coul turning =    2.2   13.0
   S-matrix    1 =    0.98967   0.03751 for L=   45, J=   45.0 channel on core I =   0.0 from L=   45,  Acc. loss =  0.0 D.
 Elastic phase shift   1 =    1.085   0.277 deg. for the L =   45, J =   45.0 channel.
      45.0  0.98967105  0.03750508i: elastic S-matrix  @@      0.00  0   0 F  0
 Reaction Xsec    45.0-/45 @ 1 =   3.924 , Out:   0.000#


 Total SPIN, PARITY =    46.0 +,    1 chs,    0 cc.  Rmin & Coul turning =    2.2   13.2
   S-matrix    1 =    0.99359   0.02741 for L=   46, J=   46.0 channel on core I =   0.0 from L=   46,  Acc. loss =  0.0 D.
 Elastic phase shift   1 =    0.790   0.173 deg. for the L =   46, J =   46.0 channel.
      46.0  0.99359000  0.02740570i: elastic S-matrix  @@      0.00  0   0 F  0
 Reaction Xsec    46.0+/46 @ 1 =   2.520 , Out:   0.000#


 Total SPIN, PARITY =    47.0 -,    1 chs,    0 cc.  Rmin & Coul turning =    2.2   13.5
   S-matrix    1 =    0.99601   0.02000 for L=   47, J=   47.0 channel on core I =   0.0 from L=   47,  Acc. loss =  0.0 D.
 Elastic phase shift   1 =    0.575   0.109 deg. for the L =   47, J =   47.0 channel.
      47.0  0.99601157  0.02000330i: elastic S-matrix  @@      0.00  0   0 F  0
 Reaction Xsec    47.0-/47 @ 1 =   1.618 , Out:   0.000#


 Total SPIN, PARITY =    48.0 +,    1 chs,    0 cc.  Rmin & Coul turning =    2.3   13.8
   S-matrix    1 =    0.99751   0.01459 for L=   48, J=   48.0 channel on core I =   0.0 from L=   48,  Acc. loss =  0.0 D.
 Elastic phase shift   1 =    0.419   0.068 deg. for the L =   48, J =   48.0 channel.
      48.0  0.99751262  0.01459120i: elastic S-matrix  @@      0.00  0   0 F  0
 Reaction Xsec    48.0+/48 @ 1 =   1.039 , Out:   0.000#


 Total SPIN, PARITY =    49.0 -,    1 chs,    0 cc.  Rmin & Coul turning =    2.3   14.0
   S-matrix    1 =    0.99845   0.01064 for L=   49, J=   49.0 channel on core I =   0.0 from L=   49,  Acc. loss =  0.0 D.
 Elastic phase shift   1 =    0.305   0.043 deg. for the L =   49, J =   49.0 channel.
      49.0  0.99844573  0.01063962i: elastic S-matrix  @@      0.00  0   0 F  0
 Reaction Xsec    49.0-/49 @ 1 =   0.667 , Out:   0.000#


 Total SPIN, PARITY =    50.0 +,    1 chs,    0 cc.  Rmin & Coul turning =    2.4   14.3
   S-matrix    1 =    0.99903   0.00776 for L=   50, J=   50.0 channel on core I =   0.0 from L=   50,  Acc. loss =  0.0 D.
 Elastic phase shift   1 =    0.222   0.027 deg. for the L =   50, J =   50.0 channel.
      50.0  0.99902724  0.00775655i: elastic S-matrix  @@      0.00  0   0 F  0
 Reaction Xsec    50.0+/50 @ 1 =   0.429 , Out:   0.000#


 Total SPIN, PARITY =    51.0 -,    1 chs,    0 cc.  Rmin & Coul turning =    2.4   14.6
   S-matrix    1 =    0.99939   0.00565 for L=   51, J=   51.0 channel on core I =   0.0 from L=   51,  Acc. loss =  0.0 D.
 Elastic phase shift   1 =    0.162   0.017 deg. for the L =   51, J =   51.0 channel.
      51.0  0.99939038  0.00565391i: elastic S-matrix  @@      0.00  0   0 F  0
 Reaction Xsec    51.0-/51 @ 1 =   0.275 , Out:   0.000#


 Total SPIN, PARITY =    52.0 +,    1 chs,    0 cc.  Rmin & Coul turning =    2.5   14.8
   S-matrix    1 =    0.99962   0.00412 for L=   52, J=   52.0 channel on core I =   0.0 from L=   52,  Acc. loss =  0.0 D.
 Elastic phase shift   1 =    0.118   0.011 deg. for the L =   52, J =   52.0 channel.
      52.0  0.99961756  0.00412080i: elastic S-matrix  @@      0.00  0   0 F  0
 Reaction Xsec    52.0+/52 @ 1 =   0.177 , Out:   0.000#


 Total SPIN, PARITY =    53.0 -,    1 chs,    0 cc.  Rmin & Coul turning =    2.5   15.1
   S-matrix    1 =    0.99976   0.00300 for L=   53, J=   53.0 channel on core I =   0.0 from L=   53,  Acc. loss =  0.0 D.
 Elastic phase shift   1 =    0.086   0.007 deg. for the L =   53, J =   53.0 channel.
      53.0  0.99975987  0.00300311i: elastic S-matrix  @@      0.00  0   0 F  0
 Reaction Xsec    53.0-/53 @ 1 =   0.114 , Out:   0.000#


 Total SPIN, PARITY =    54.0 +,    1 chs,    0 cc.  Rmin & Coul turning =    2.6   15.4
   S-matrix    1 =    0.99985   0.00219 for L=   54, J=   54.0 channel on core I =   0.0 from L=   54,  Acc. loss =  0.0 D.
 Elastic phase shift   1 =    0.063   0.004 deg. for the L =   54, J =   54.0 channel.
      54.0  0.99984912  0.00218836i: elastic S-matrix  @@      0.00  0   0 F  0
 Reaction Xsec    54.0+/54 @ 1 =   0.073 , Out:   0.000#


 Total SPIN, PARITY =    55.0 -,    1 chs,    0 cc.  Rmin & Coul turning =    2.6   15.6
   S-matrix    1 =    0.99991   0.00159 for L=   55, J=   55.0 channel on core I =   0.0 from L=   55,  Acc. loss =  0.0 D.
 Elastic phase shift   1 =    0.046   0.003 deg. for the L =   55, J =   55.0 channel.
      55.0  0.99990515  0.00159451i: elastic S-matrix  @@      0.00  0   0 F  0
 Reaction Xsec    55.0-/55 @ 1 =   0.047 , Out:   0.000#


 Total SPIN, PARITY =    56.0 +,    1 chs,    0 cc.  Rmin & Coul turning =    2.7   15.9
   S-matrix    1 =    0.99994   0.00116 for L=   56, J=   56.0 channel on core I =   0.0 from L=   56,  Acc. loss =  0.0 D.
 Elastic phase shift   1 =    0.033   0.002 deg. for the L =   56, J =   56.0 channel.
      56.0  0.99994035  0.00116169i: elastic S-matrix  @@      0.00  0   0 F  0
 Reaction Xsec    56.0+/56 @ 1 =   0.030 , Out:   0.000#


 Total SPIN, PARITY =    57.0 -,    1 chs,    0 cc.  Rmin & Coul turning =    2.7   16.2
   S-matrix    1 =    0.99996   0.00085 for L=   57, J=   57.0 channel on core I =   0.0 from L=   57,  Acc. loss =  0.0 D.
 Elastic phase shift   1 =    0.024   0.001 deg. for the L =   57, J =   57.0 channel.
      57.0  0.99996248  0.00084628i: elastic S-matrix  @@      0.00  0   0 F  0
 Reaction Xsec    57.0-/57 @ 1 =   0.019 , Out:   0.000#


 Total SPIN, PARITY =    58.0 +,    1 chs,    0 cc.  Rmin & Coul turning =    2.8   16.4
   S-matrix    1 =    0.99998   0.00062 for L=   58, J=   58.0 channel on core I =   0.0 from L=   58,  Acc. loss =  0.0 D.
 Elastic phase shift   1 =    0.018   0.001 deg. for the L =   58, J =   58.0 channel.
      58.0  0.99997639  0.00061644i: elastic S-matrix  @@      0.00  0   0 F  0
 Reaction Xsec    58.0+/58 @ 1 =   0.012 , Out:   0.000#


 Total SPIN, PARITY =    59.0 -,    1 chs,    0 cc.  Rmin & Coul turning =    2.8   16.7
   S-matrix    1 =    0.99999   0.00045 for L=   59, J=   59.0 channel on core I =   0.0 from L=   59,  Acc. loss =  0.0 D.
 Elastic phase shift   1 =    0.013   0.000 deg. for the L =   59, J =   59.0 channel.
      59.0  0.99998514  0.00044897i: elastic S-matrix  @@      0.00  0   0 F  0
 Reaction Xsec    59.0-/59 @ 1 =   7.912/, Out:   0.000#


 Total SPIN, PARITY =    60.0 +,    1 chs,    0 cc.  Rmin & Coul turning =    2.9   17.0
   S-matrix    1 =    0.99999   0.00033 for L=   60, J=   60.0 channel on core I =   0.0 from L=   60,  Acc. loss =  0.0 D.
 Elastic phase shift   1 =    0.009   0.000 deg. for the L =   60, J =   60.0 channel.
      60.0  0.99999065  0.00032697i: elastic S-matrix  @@      0.00  0   0 F  0
 Reaction Xsec    60.0+/60 @ 1 =   5.070/, Out:   0.000#


 Total SPIN, PARITY =    61.0 -,    1 chs,    0 cc.  Rmin & Coul turning =    2.9   17.2
   S-matrix    1 =    0.99999   0.00024 for L=   61, J=   61.0 channel on core I =   0.0 from L=   61,  Acc. loss =  0.0 D.
 Elastic phase shift   1 =    0.007   0.000 deg. for the L =   61, J =   61.0 channel.
      61.0  0.99999411  0.00023810i: elastic S-matrix  @@      0.00  0   0 F  0
 Reaction Xsec    61.0-/61 @ 1 =   3.247/, Out:   0.000#

 Finished all CC sets @    2.03150008E-02
0CUMULATIVE REACTION cross section                 = 3345.98440  <L> =    25.40  <L**2> =    733.1
0CUMULATIVE outgoing cross sections in partition 1 :    0.00000
0Cumulative ABSORBTION by Imaginary Potentials     = 3345.98440  <L> =    25.40  <L**2> =    733.1
   Fusion for specific H4       M-states : 3345.984398
0CUMULATIVE OUTGOING cross section                 =    0.00000
 To convert to S-factors (MeV.mb = keV.b),  multiply by  3.9176E+09


 CROSS SECTIONS FOR OUTGOING H4       & Zr90     in state #   1 with spins & parities 0.0  + & 0.0  +;  0

 AMM: LJMAX,NLJ=   0.0000000000000000                1
 AMM: NJ=           1
 AMM: JBL,JUMP(JBL,:)=           1           1          62          62

 CC#   1   1 IS  0.0   1   1

 CC#   1   2 IS  1.0   1   1

 CC#   1   3 IS  2.0   1   1

 CC#   1   4 IS  3.0   1   1

 CC#   1   5 IS  4.0   1   1

 CC#   1   6 IS  5.0   1   1

 CC#   1   7 IS  6.0   1   1

 CC#   1   8 IS  7.0   1   1

 CC#   1   9 IS  8.0   1   1

 CC#   1  10 IS  9.0   1   1

 CC#   1  11 IS 10.0   1   1

 CC#   1  12 IS 11.0   1   1

 CC#   1  13 IS 12.0   1   1

 CC#   1  14 IS 13.0   1   1

 CC#   1  15 IS 14.0   1   1

 CC#   1  16 IS 15.0   1   1

 CC#   1  17 IS 16.0   1   1

 CC#   1  18 IS 17.0   1   1

 CC#   1  19 IS 18.0   1   1

 CC#   1  20 IS 19.0   1   1

 CC#   1  21 IS 20.0   1   1

 CC#   1  22 IS 21.0   1   1

 CC#   1  23 IS 22.0   1   1

 CC#   1  24 IS 23.0   1   1

 CC#   1  25 IS 24.0   1   1

 CC#   1  26 IS 25.0   1   1

 CC#   1  27 IS 26.0   1   1

 CC#   1  28 IS 27.0   1   1

 CC#   1  29 IS 28.0   1   1

 CC#   1  30 IS 29.0   1   1

 CC#   1  31 IS 30.0   1   1

 CC#   1  32 IS 31.0   1   1

 CC#   1  33 IS 32.0   1   1

 CC#   1  34 IS 33.0   1   1

 CC#   1  35 IS 34.0   1   1

 CC#   1  36 IS 35.0   1   1

 CC#   1  37 IS 36.0   1   1

 CC#   1  38 IS 37.0   1   1

 CC#   1  39 IS 38.0   1   1

 CC#   1  40 IS 39.0   1   1

 CC#   1  41 IS 40.0   1   1

 CC#   1  42 IS 41.0   1   1

 CC#   1  43 IS 42.0   1   1

 CC#   1  44 IS 43.0   1   1

 CC#   1  45 IS 44.0   1   1

 CC#   1  46 IS 45.0   1   1

 CC#   1  47 IS 46.0   1   1

 CC#   1  48 IS 47.0   1   1

 CC#   1  49 IS 48.0   1   1

 CC#   1  50 IS 49.0   1   1

 CC#   1  51 IS 50.0   1   1

 CC#   1  52 IS 51.0   1   1

 CC#   1  53 IS 52.0   1   1

 CC#   1  54 IS 53.0   1   1

 CC#   1  55 IS 54.0   1   1

 CC#   1  56 IS 55.0   1   1

 CC#   1  57 IS 56.0   1   1

 CC#   1  58 IS 57.0   1   1

 CC#   1  59 IS 58.0   1   1

 CC#   1  60 IS 59.0   1   1

 CC#   1  61 IS 60.0   1   1

 CC#   1  62 IS 61.0   1   1
     0.01 deg.: X-S =   2.4684E+16 mb/sr,
+                                         /R =   1.0000E+00
     1.00 deg.: X-S =   2.4617E+08 mb/sr,
+                                         /R =   9.9725E-01
     2.00 deg.: X-S =   1.6295E+07 mb/sr,
+                                         /R =   1.0560E+00
     3.00 deg.: X-S =   3.1690E+06 mb/sr,
+                                         /R =   1.0394E+00
     4.00 deg.: X-S =   9.7600E+05 mb/sr,
+                                         /R =   1.0114E+00
     5.00 deg.: X-S =   3.6868E+05 mb/sr,
+                                         /R =   9.3233E-01
     6.00 deg.: X-S =   1.2117E+05 mb/sr,
+                                         /R =   6.3502E-01
     7.00 deg.: X-S =   4.7846E+04 mb/sr,
+                                         /R =   4.6424E-01
     8.00 deg.: X-S =   3.0122E+04 mb/sr,
+                                         /R =   4.9822E-01
     9.00 deg.: X-S =   1.7556E+04 mb/sr,
+                                         /R =   4.6474E-01
    10.00 deg.: X-S =  7023.791601 mb/sr,
+                                         /R =   2.8311E-01
    11.00 deg.: X-S =  2649.421175 mb/sr,
+                                         /R =   1.5619E-01
    12.00 deg.: X-S =  2386.704327 mb/sr,
+                                         /R =   1.9904E-01
    13.00 deg.: X-S =  2377.224144 mb/sr,
+                                         /R =   2.7271E-01
    14.00 deg.: X-S =  1434.812143 mb/sr,
+                                         /R =   2.2109E-01
    15.00 deg.: X-S =   469.735568 mb/sr,
+                                         /R =   9.5245E-02
    16.00 deg.: X-S =   197.659845 mb/sr,
+                                         /R =   5.1801E-02
    17.00 deg.: X-S =   358.817173 mb/sr,
+                                         /R =   1.1964E-01
    18.00 deg.: X-S =   419.387209 mb/sr,
+                                         /R =   1.7545E-01
    19.00 deg.: X-S =   250.050170 mb/sr,
+                                         /R =   1.2962E-01
    20.00 deg.: X-S =    65.214105 mb/sr,
+                                         /R =   4.1421E-02
    21.00 deg.: X-S =    26.417206 mb/sr,
+                                         /R =   2.0353E-02
    22.00 deg.: X-S =    81.167462 mb/sr,
+                                         /R =   7.5158E-02
    23.00 deg.: X-S =   105.010507 mb/sr,
+                                         /R =   1.1589E-01
    24.00 deg.: X-S =    64.234686 mb/sr,
+                                         /R =   8.3846E-02
    25.00 deg.: X-S =    14.805390 mb/sr,
+                                         /R =   2.2697E-02
    26.00 deg.: X-S =     4.592408 mb/sr,
+                                         /R =   8.2147E-03
    27.00 deg.: X-S =    22.742757 mb/sr,
+                                         /R =   4.7183E-02
    28.00 deg.: X-S =    32.747972 mb/sr,
+                                         /R =   7.8358E-02
    29.00 deg.: X-S =    21.524292 mb/sr,
+                                         /R =   5.9092E-02
    30.00 deg.: X-S =     5.123756 mb/sr,
+                                         /R =   1.6061E-02
    31.00 deg.: X-S =     0.599720 mb/sr,
+                                         /R =   2.1367E-03
    32.00 deg.: X-S =     6.741867 mb/sr,
+                                         /R =   2.7185E-02
    33.00 deg.: X-S =    11.496720 mb/sr,
+                                         /R =   5.2257E-02
    34.00 deg.: X-S =     8.686032 mb/sr,
+                                         /R =   4.4337E-02
    35.00 deg.: X-S =     2.665855 mb/sr,
+                                         /R =   1.5227E-02
    36.00 deg.: X-S =     0.026610 mb/sr,
+                                         /R =   1.6950E-04
    37.00 deg.: X-S =     1.706684 mb/sr,
+                                         /R =   1.2085E-02
    38.00 deg.: X-S =     3.841227 mb/sr,
+                                         /R =   3.0147E-02
    39.00 deg.: X-S =     3.474154 mb/sr,
+                                         /R =   3.0132E-02
    40.00 deg.: X-S =     1.399305 mb/sr,
+                                         /R =   1.3376E-02
    41.00 deg.: X-S =     0.060733 mb/sr,
+                                         /R =   6.3815E-04
    42.00 deg.: X-S =     0.380797 mb/sr,
+                                         /R =   4.3874E-03
    43.00 deg.: X-S =     1.250373 mb/sr,
+                                         /R =   1.5759E-02
    44.00 deg.: X-S =     1.365144 mb/sr,
+                                         /R =   1.8779E-02
    45.00 deg.: X-S =     0.686003 mb/sr,
+                                         /R =   1.0277E-02
    46.00 deg.: X-S =     0.074989 mb/sr,
+                                         /R =   1.2210E-03
    47.00 deg.: X-S =     0.079113 mb/sr,
+                                         /R =   1.3972E-03
    48.00 deg.: X-S =     0.435871 mb/sr,
+                                         /R =   8.3332E-03
    49.00 deg.: X-S =     0.596848 mb/sr,
+                                         /R =   1.2330E-02
    50.00 deg.: X-S =     0.392353 mb/sr,
+                                         /R =   8.7432E-03
    51.00 deg.: X-S =     0.096288 mb/sr,
+                                         /R =   2.3105E-03
    52.00 deg.: X-S =     0.009478 mb/sr,
+                                         /R =   2.4451E-04
    53.00 deg.: X-S =     0.136925 mb/sr,
+                                         /R =   3.7913E-03
    54.00 deg.: X-S =     0.263517 mb/sr,
+                                         /R =   7.8198E-03
    55.00 deg.: X-S =     0.236550 mb/sr,
+                                         /R =   7.5118E-03
    56.00 deg.: X-S =     0.105405 mb/sr,
+                                         /R =   3.5768E-03
    57.00 deg.: X-S =     0.013744 mb/sr,
+                                         /R =   4.9769E-04
    58.00 deg.: X-S =     0.026136 mb/sr,
+                                         /R =   1.0086E-03
    59.00 deg.: X-S =     0.086595 mb/sr,
+                                         /R =   3.5567E-03
    60.00 deg.: X-S =     0.110588 mb/sr,
+                                         /R =   4.8282E-03
    61.00 deg.: X-S =     0.076060 mb/sr,
+                                         /R =   3.5256E-03
    62.00 deg.: X-S =     0.024909 mb/sr,
+                                         /R =   1.2244E-03
    63.00 deg.: X-S =     0.003175 mb/sr,
+                                         /R =   1.6530E-04
    64.00 deg.: X-S =     0.016091 mb/sr,
+                                         /R =   8.8636E-04
    65.00 deg.: X-S =     0.035314 mb/sr,
+                                         /R =   2.0559E-03
    66.00 deg.: X-S =     0.035970 mb/sr,
+                                         /R =   2.2110E-03
    67.00 deg.: X-S =     0.019486 mb/sr,
+                                         /R =   1.2632E-03
    68.00 deg.: X-S =     0.003936 mb/sr,
+                                         /R =   2.6882E-04
    69.00 deg.: X-S =     0.001038 mb/sr,
+                                         /R =   7.4643E-05
    70.00 deg.: X-S =     0.006917 mb/sr,
+                                         /R =   5.2294E-04
    71.00 deg.: X-S =     0.011161 mb/sr,
+                                         /R =   8.8658E-04
    72.00 deg.: X-S =     0.008899 mb/sr,
+                                         /R =   7.4199E-04
    73.00 deg.: X-S =     0.003376 mb/sr,
+                                         /R =   2.9522E-04
    74.00 deg.: X-S =     0.000139 mb/sr,
+                                         /R =   1.2737E-05
    75.00 deg.: X-S =     0.000965 mb/sr,
+                                         /R =   9.2593E-05
    76.00 deg.: X-S =     0.003207 mb/sr,
+                                         /R =   3.2189E-04
    77.00 deg.: X-S =     0.003691 mb/sr,
+                                         /R =   3.8719E-04
    78.00 deg.: X-S =     0.002076 mb/sr,
+                                         /R =   2.2748E-04
    79.00 deg.: X-S =     0.000361 mb/sr,
+                                         /R =   4.1322E-05
    80.00 deg.: X-S =     0.000153 mb/sr,
+                                         /R =   1.8255E-05
    81.00 deg.: X-S =     0.001188 mb/sr,
+                                         /R =   1.4758E-04
    82.00 deg.: X-S =     0.002096 mb/sr,
+                                         /R =   2.7130E-04
    83.00 deg.: X-S =     0.001932 mb/sr,
+                                         /R =   2.6017E-04
    84.00 deg.: X-S =     0.000959 mb/sr,
+                                         /R =   1.3426E-04
    85.00 deg.: X-S =     0.000225 mb/sr,
+                                         /R =   3.2749E-05
    86.00 deg.: X-S =     0.000395 mb/sr,
+                                         /R =   5.9718E-05
    87.00 deg.: X-S =     0.001097 mb/sr,
+                                         /R =   1.7197E-04
    88.00 deg.: X-S =     0.001501 mb/sr,
+                                         /R =   2.4408E-04
    89.00 deg.: X-S =     0.001272 mb/sr,
+                                         /R =   2.1445E-04
    90.00 deg.: X-S =     0.000728 mb/sr,
+                                         /R =   1.2709E-04
    91.00 deg.: X-S =     0.000339 mb/sr,
+                                         /R =   6.1351E-05
    92.00 deg.: X-S =     0.000344 mb/sr,
+                                         /R =   6.4285E-05
    93.00 deg.: X-S =     0.000657 mb/sr,
+                                         /R =   1.2712E-04
    94.00 deg.: X-S =     0.000954 mb/sr,
+                                         /R =   1.9062E-04
    95.00 deg.: X-S =     0.000933 mb/sr,
+                                         /R =   1.9250E-04
    96.00 deg.: X-S =     0.000626 mb/sr,
+                                         /R =   1.3331E-04
    97.00 deg.: X-S =     0.000337 mb/sr,
+                                         /R =   7.4138E-05
    98.00 deg.: X-S =     0.000271 mb/sr,
+                                         /R =   6.1403E-05
    99.00 deg.: X-S =     0.000369 mb/sr,
+                                         /R =   8.6159E-05
   100.00 deg.: X-S =     0.000482 mb/sr,
+                                         /R =   1.1599E-04
   101.00 deg.: X-S =     0.000513 mb/sr,
+                                         /R =   1.2707E-04
   102.00 deg.: X-S =     0.000425 mb/sr,
+                                         /R =   1.0836E-04
   103.00 deg.: X-S =     0.000265 mb/sr,
+                                         /R =   6.9552E-05
   104.00 deg.: X-S =     0.000152 mb/sr,
+                                         /R =   4.1030E-05
   105.00 deg.: X-S =     0.000155 mb/sr,
+                                         /R =   4.2984E-05
   106.00 deg.: X-S =     0.000220 mb/sr,
+                                         /R =   6.2482E-05
   107.00 deg.: X-S =     0.000256 mb/sr,
+                                         /R =   7.4809E-05
   108.00 deg.: X-S =     0.000242 mb/sr,
+                                         /R =   7.2507E-05
   109.00 deg.: X-S =     0.000196 mb/sr,
+                                         /R =   6.0216E-05
   110.00 deg.: X-S =     0.000132 mb/sr,
+                                         /R =   4.1657E-05
   111.00 deg.: X-S =   8.1148E-05 mb/sr,
+                                         /R =   2.6149E-05
   112.00 deg.: X-S =   7.7609E-05 mb/sr,
+                                         /R =   2.5610E-05
   113.00 deg.: X-S =     0.000105 mb/sr,
+                                         /R =   3.5542E-05
   114.00 deg.: X-S =     0.000115 mb/sr,
+                                         /R =   3.9716E-05
   115.00 deg.: X-S =   9.5397E-05 mb/sr,
+                                         /R =   3.3717E-05
   116.00 deg.: X-S =   7.0908E-05 mb/sr,
+                                         /R =   2.5620E-05
   117.00 deg.: X-S =   5.2589E-05 mb/sr,
+                                         /R =   1.9416E-05
   118.00 deg.: X-S =   3.6460E-05 mb/sr,
+                                         /R =   1.3749E-05
   119.00 deg.: X-S =   3.0142E-05 mb/sr,
+                                         /R =   1.1605E-05
   120.00 deg.: X-S =   4.2085E-05 mb/sr,
+                                         /R =   1.6537E-05
   121.00 deg.: X-S =   5.5561E-05 mb/sr,
+                                         /R =   2.2272E-05
   122.00 deg.: X-S =   5.0227E-05 mb/sr,
+                                         /R =   2.0531E-05
   123.00 deg.: X-S =   3.4594E-05 mb/sr,
+                                         /R =   1.4414E-05
   124.00 deg.: X-S =   2.4768E-05 mb/sr,
+                                         /R =   1.0516E-05
   125.00 deg.: X-S =   1.8246E-05 mb/sr,
+                                         /R =   7.8899E-06
   126.00 deg.: X-S =   1.1426E-05 mb/sr,
+                                         /R =   5.0307E-06
   127.00 deg.: X-S =   1.0723E-05 mb/sr,
+                                         /R =   4.8048E-06
   128.00 deg.: X-S =   1.6392E-05 mb/sr,
+                                         /R =   7.4726E-06
   129.00 deg.: X-S =   1.9319E-05 mb/sr,
+                                         /R =   8.9564E-06
   130.00 deg.: X-S =   1.5585E-05 mb/sr,
+                                         /R =   7.3454E-06
   131.00 deg.: X-S =   1.1500E-05 mb/sr,
+                                         /R =   5.5080E-06
   132.00 deg.: X-S =   1.1000E-05 mb/sr,
+                                         /R =   5.3522E-06
   133.00 deg.: X-S =   9.0990E-06 mb/sr,
+                                         /R =   4.4956E-06
   134.00 deg.: X-S =   5.6928E-06 mb/sr,
+                                         /R =   2.8552E-06
   135.00 deg.: X-S =   7.4937E-06 mb/sr,
+                                         /R =   3.8138E-06
   136.00 deg.: X-S =   1.1360E-05 mb/sr,
+                                         /R =   5.8646E-06
   137.00 deg.: X-S =   9.4367E-06 mb/sr,
+                                         /R =   4.9401E-06
   138.00 deg.: X-S =   4.8182E-06 mb/sr,
+                                         /R =   2.5567E-06
   139.00 deg.: X-S =   3.3853E-06 mb/sr,
+                                         /R =   1.8203E-06
   140.00 deg.: X-S =   3.7514E-06 mb/sr,
+                                         /R =   2.0433E-06
   141.00 deg.: X-S =   2.7877E-06 mb/sr,
+                                         /R =   1.5376E-06
   142.00 deg.: X-S =   1.4012E-06 mb/sr,
+                                         /R =   7.8233E-07
   143.00 deg.: X-S =   2.9267E-06 mb/sr,
+                                         /R =   1.6535E-06
   144.00 deg.: X-S =   5.8813E-06 mb/sr,
+                                         /R =   3.3612E-06
   145.00 deg.: X-S =   5.4766E-06 mb/sr,
+                                         /R =   3.1651E-06
   146.00 deg.: X-S =   4.1217E-06 mb/sr,
+                                         /R =   2.4080E-06
   147.00 deg.: X-S =   5.2178E-06 mb/sr,
+                                         /R =   3.0806E-06
   148.00 deg.: X-S =   4.4650E-06 mb/sr,
+                                         /R =   2.6631E-06
   149.00 deg.: X-S =   1.2508E-06 mb/sr,
+                                         /R =   7.5339E-07
   150.00 deg.: X-S =   5.9788E-07 mb/sr,
+                                         /R =   3.6357E-07
   151.00 deg.: X-S =   1.9247E-06 mb/sr,
+                                         /R =   1.1812E-06
   152.00 deg.: X-S =   2.0803E-06 mb/sr,
+                                         /R =   1.2881E-06
   153.00 deg.: X-S =   1.1711E-06 mb/sr,
+                                         /R =   7.3137E-07
   154.00 deg.: X-S =   1.0215E-06 mb/sr,
+                                         /R =   6.4319E-07
   155.00 deg.: X-S =   2.8932E-06 mb/sr,
+                                         /R =   1.8362E-06
   156.00 deg.: X-S =   3.7895E-06 mb/sr,
+                                         /R =   2.4232E-06
   157.00 deg.: X-S =   2.0097E-06 mb/sr,
+                                         /R =   1.2945E-06
   158.00 deg.: X-S =   2.0788E-06 mb/sr,
+                                         /R =   1.3483E-06
   159.00 deg.: X-S =   3.2978E-06 mb/sr,
+                                         /R =   2.1532E-06
   160.00 deg.: X-S =   1.5675E-06 mb/sr,
+                                         /R =   1.0300E-06
   161.00 deg.: X-S =   9.9040E-07 mb/sr,
+                                         /R =   6.5467E-07
   162.00 deg.: X-S =   3.1231E-06 mb/sr,
+                                         /R =   2.0762E-06
   163.00 deg.: X-S =   3.0040E-06 mb/sr,
+                                         /R =   2.0078E-06
   164.00 deg.: X-S =   1.1800E-06 mb/sr,
+                                         /R =   7.9269E-07
   165.00 deg.: X-S =   1.3200E-07 mb/sr,
+                                         /R =   8.9092E-08
   166.00 deg.: X-S =   3.6434E-07 mb/sr,
+                                         /R =   2.4701E-07
   167.00 deg.: X-S =   2.2167E-06 mb/sr,
+                                         /R =   1.5091E-06
   168.00 deg.: X-S =   2.2664E-06 mb/sr,
+                                         /R =   1.5488E-06
   169.00 deg.: X-S =   1.2022E-06 mb/sr,
+                                         /R =   8.2444E-07
   170.00 deg.: X-S =   3.1984E-06 mb/sr,
+                                         /R =   2.2004E-06
   171.00 deg.: X-S =   3.3039E-06 mb/sr,
+                                         /R =   2.2796E-06
   172.00 deg.: X-S =   1.9462E-06 mb/sr,
+                                         /R =   1.3463E-06
   173.00 deg.: X-S =   6.1217E-06 mb/sr,
+                                         /R =   4.2445E-06
   174.00 deg.: X-S =   7.1106E-06 mb/sr,
+                                         /R =   4.9399E-06
   175.00 deg.: X-S =   1.6167E-06 mb/sr,
+                                         /R =   1.1251E-06
   176.00 deg.: X-S =   2.2912E-06 mb/sr,
+                                         /R =   1.5967E-06
   177.00 deg.: X-S =   5.2160E-06 mb/sr,
+                                         /R =   3.6386E-06
   178.00 deg.: X-S =   7.5010E-06 mb/sr,
+                                         /R =   5.2366E-06
   179.00 deg.: X-S =   2.2195E-05 mb/sr,
+                                         /R =   1.5502E-05
   179.99 deg.: X-S =   3.4136E-05 mb/sr,
+                                         /R =   2.3846E-05
 Finished all xsecs @    2.16429997E-02

  The following files have been created:
   3:local copy of User input.            6:standard output.                   
   7:elastic  S-matrix elements.         13:total cross sections/state.        
  16:tables of cross sections.           38:cross sections for each J/pi.      
  39:cross sections for each Ecm.        40:all cross sectns. for each Elab.   
  45:scat phase shift as E functions.    56:Fusion for each Jtotal.            
 201:Separate cross sections.           

 PARAMETERS : MAXQRN   MFNL   MLOC  LMAX1 MCLIST
    ALLOWED :      1      1      2    120      4
    REQUIRED:      0      0      2     62      2


 ACCURACY ANALYSIS at    79.500 MeV :

  Elastic h*k = 0.112 so OK       compared with 0.200

   Real(S-el) > 0.01 first at J =      31.0
   Real(S-el) > 0.10 first at J =      33.0
   Real(S-el) > 0.50 first at J =      37.0
   Real(S-el) > 0.90 first at J =      41.0
   Real(S-el) > 0.99 first at J =      46.0
   R-turn =    17.24 fm    at J =      61.0

 Forward-angle excitation cut off below   5.266 deg by max JT =      61.0
                              and below   0.867 deg by max R.

 Total CPU  0 time =       0.02 seconds
