 FRESCO - FRES 2.9: Coupled Reaction Channels(with LQ stabilization)
 Assuming NAMELIST input.

 He4 + Zr90 @ 79.5 MeV;                                                          

   0.030 100.000   0.500   0.000   0.000   0.000   0.000   0.000   0.000   0.000

 Centre-of-mass Range is   3334 * 0.0300 fm., Maximum at  99.96 fm., Interpolating NL forms every  0.51 fm.
 Non - locality width is      4 * 0.0300 fm., Maximum of   0.09 fm., Centred at  0.00 fm.
 2-Nucleon Separation of      0 * 0.5100 fm., Maximum of   0.00 fm., Minimum at  0.00 fm.
 Maximum single particle bins of 99.9600 fm.
               M,Mint =         3333        3333


 Range of total J is     0.0 <= J <=   100.0 (at least     0.0) and Absorbtion =>     0.0100 mb.
 Dry Run = F, CC set limits =  0  0, Relativistic kinematics =  , Both/Far/Near Analyses =  1

 Cross Sections (and up to T0 for 0=projectile) for Theta from   0.0 to 180.0 in steps of  1.0 degrees.  Coordinates = 0 (Mads)

 Lower Radial Cutoff = maximum of -1.60*L*h &       0.0 fm.,  Lower Cutoff for Couplings =   0.0  fm.


 Iterate Couplings between   0 and   0 times, to  0.000 % if sooner.                                          
  Block solved exactly =   0 chs., with Pade = 0 & Isocen =  =0, NOSOL = F, initwf =  0
  NL quadrature with   18 Gaussian points, Calculate multipoles up to   106 from   0
  M-transfers for lp+lt greater than or equal to  6, Angular Integration Cutoff below  2.7778 %


 Trace switches are :  CHANS =  1, LISTCC =  0, TRENEG =  0, CDETR =  0, SMATS =  2, XSTABL =  1, NLPL =  0

                       WAVES =  0, LAMPL =  0, VEFF =  0, KFUS =  0, WDISK =  0, BPM =  0, MELFIL =  0

                       CDCC =  0, NFUS =  0

 Using unit mass = 1.000000 amu and 1/fine-structure constant = 137.03599 ( 1.000000 * true ) with hc = 197.32705 MeV.fm,
  thus 2*amu/hbar^2 = 0.0478450 = 1/20.9008 and Coulomb constant = 0.1574855 so e^2 = 1.43997, and nuclear magneton= 0.1261183

 Now pre-scan input and save to file 3



 *********** PARTITION NUMBER  1 ******************************************************************************************

   PROJ=H4         MASS=  4.0000 Z=   2.0,        # STATES=    1T, TARG=Zr90     MASS= 90.0000 Z=  40.0,     Q-VALUE =  -0.0000 MEV.

     1:  J= 0.0+ (B# 1), E=  0.0000, K= 0.0              Potl#  1       J= 0.0+ (B# 1), E=  0.0000, K= 0.0    


 ************************************************************************************************************************************

 The following POTENTIALS are defined :

  KP#       TYPE      IT    SHAPE      at     V1        r1        a1        V2        r2        a2        A-in     A-used


                                            A#1       A#2        r0c       ac                                                h @ 1
    1    0=Coulomb       0=CHARGE (WS)  1    90.000     0.000    1.3000    0.0000    0.0000    0.0000     0.000    90.000   0.03000

    1    1=Volume        0=Woods-Saxon  2  141.2000    1.2250    0.8210   18.4900    1.5750    0.5650     0.000    90.000
0Incoming partition  1 in excitation state # 1,   Laboratory Energy given for partition  1 Nucleus 1 in Excitation pair 1

0Lab. ENERGY ranges :

   from    79.5000     to   0.00000     in     0 intervals
   from    0.00000     to   0.00000     in     0 intervals
   from    0.00000     to   0.00000     in     0 intervals

 Largest real,imaginary parts of any form factor at R=   99.66 are   1.44E-02  4.95E-32 MeV
 Finished all Couplings @    1.10900006E-03           2

 Symmetric Hamiltonian
1***********************************************************************************************************************************
************************************************************************************************************************************

        INCOMING H4       ;    LABORATORY H4       ENERGY =   79.500     MeV.

 ***********************************************************************************************************************************
 ***********************************************************************************************************************************


  NOTE: Coulomb excitation cut off below   3.222 deg by JTMAX, and below   0.867 deg by Rmax

 Allocate arrays for            1  channels, of which            1  need wfs.

 ######################################################################################################################
 #                                                                                                                    #
 # Total SPIN and PARITY =     0.0 +,    1 channels,    0 in 1st block.  Rmin & Coul turning =    0.0    1.5 fm.  #
 #                                                                                                                    #
 ######################################################################################################################



    C Projectl Target   #   EX.   (L  Proj) J  + Targ = Jtotal     E-cm      Re K     Re Eta     RM*K            CH
    1 H4       Zr90     #    1: I   0 0.0    0.0  0.0     0.0    76.11702   3.73462   2.82603  373.3129   0.23775  -0.44203 1 1 1   1
   S-matrix    1 =    0.01001   0.00203 for L=    0, J=    0.0 channel on core I =   0.0 from L=    0,  Acc. loss =  0.0 D.
 Elastic phase shift   1 =    5.736 131.316 deg. for the L =    0, J =    0.0 channel.
       0.0  0.01001219  0.00203175i: elastic S-matrix  @@      0.00  0   0 F  0
 Reaction Xsec     0.0+/ 0 @ 1 =   2.252 , Out:   0.000#


 Total SPIN, PARITY =     1.0 -,    1 chs,    0 cc.  Rmin & Coul turning =    0.0    1.6
   S-matrix    1 =   -0.00677  -0.00760 for L=    1, J=    1.0 channel on core I =   0.0 from L=    1,  Acc. loss =  0.0 D.
 Elastic phase shift   1 =  -65.846 131.420 deg. for the L =    1, J =    1.0 channel.
       1.0 -0.00677034 -0.00760084i: elastic S-matrix  @@      0.00  0   0 F  0
 Reaction Xsec     1.0-/ 1 @ 1 =   6.757 , Out:   0.000#


 Total SPIN, PARITY =     2.0 +,    1 chs,    0 cc.  Rmin & Coul turning =    0.1    1.8
   S-matrix    1 =   -0.00419   0.00934 for L=    2, J=    2.0 channel on core I =   0.0 from L=    2,  Acc. loss =  0.0 D.
 Elastic phase shift   1 =   57.081 131.257 deg. for the L =    2, J =    2.0 channel.
       2.0 -0.00419012  0.00934045i: elastic S-matrix  @@      0.00  0   0 F  0
 Reaction Xsec     2.0+/ 2 @ 1 =  11.261 , Out:   0.000#


 Total SPIN, PARITY =     3.0 -,    1 chs,    0 cc.  Rmin & Coul turning =    0.1    2.0
   S-matrix    1 =    0.00954   0.00365 for L=    3, J=    3.0 channel on core I =   0.0 from L=    3,  Acc. loss =  0.0 D.
 Elastic phase shift   1 =   10.468 131.315 deg. for the L =    3, J =    3.0 channel.
       3.0  0.00954190  0.00365050i: elastic S-matrix  @@      0.00  0   0 F  0
 Reaction Xsec     3.0-/ 3 @ 1 =  15.766 , Out:   0.000#


 Total SPIN, PARITY =     4.0 +,    1 chs,    0 cc.  Rmin & Coul turning =    0.2    2.2
   S-matrix    1 =    0.00530  -0.00881 for L=    4, J=    4.0 channel on core I =   0.0 from L=    4,  Acc. loss =  0.0 D.
 Elastic phase shift   1 =  -29.477 131.139 deg. for the L =    4, J =    4.0 channel.
       4.0  0.00530138 -0.00880697i: elastic S-matrix  @@      0.00  0   0 F  0
 Reaction Xsec     4.0+/ 4 @ 1 =  20.270 , Out:   0.000#


 Total SPIN, PARITY =     5.0 -,    1 chs,    0 cc.  Rmin & Coul turning =    0.2    2.4
   S-matrix    1 =   -0.00649  -0.00797 for L=    5, J=    5.0 channel on core I =   0.0 from L=    5,  Acc. loss =  0.0 D.
 Elastic phase shift   1 =  -64.582 131.133 deg. for the L =    5, J =    5.0 channel.
       5.0 -0.00649326 -0.00797183i: elastic S-matrix  @@      0.00  0   0 F  0
 Reaction Xsec     5.0-/ 5 @ 1 =  24.774 , Out:   0.000#


 Total SPIN, PARITY =     6.0 +,    1 chs,    0 cc.  Rmin & Coul turning =    0.3    2.6
   S-matrix    1 =   -0.01002   0.00249 for L=    6, J=    6.0 channel on core I =   0.0 from L=    6,  Acc. loss =  0.0 D.
 Elastic phase shift   1 =   83.019 131.000 deg. for the L =    6, J =    6.0 channel.
       6.0 -0.01002412  0.00249241i: elastic S-matrix  @@      0.00  0   0 F  0
 Reaction Xsec     6.0+/ 6 @ 1 =  29.279 , Out:   0.000#


 Total SPIN, PARITY =     7.0 -,    1 chs,    0 cc.  Rmin & Coul turning =    0.3    2.9
   S-matrix    1 =   -0.00285   0.00997 for L=    7, J=    7.0 channel on core I =   0.0 from L=    7,  Acc. loss =  0.0 D.
 Elastic phase shift   1 =   52.970 130.891 deg. for the L =    7, J =    7.0 channel.
       7.0 -0.00284763  0.00997013i: elastic S-matrix  @@      0.00  0   0 F  0
 Reaction Xsec     7.0-/ 7 @ 1 =  33.783 , Out:   0.000#


 Total SPIN, PARITY =     8.0 +,    1 chs,    0 cc.  Rmin & Coul turning =    0.4    3.2
   S-matrix    1 =    0.00701   0.00763 for L=    8, J=    8.0 channel on core I =   0.0 from L=    8,  Acc. loss =  0.0 D.
 Elastic phase shift   1 =   23.725 130.905 deg. for the L =    8, J =    8.0 channel.
       8.0  0.00700838  0.00763497i: elastic S-matrix  @@      0.00  0   0 F  0
 Reaction Xsec     8.0+/ 8 @ 1 =  38.288 , Out:   0.000#


 Total SPIN, PARITY =     9.0 -,    1 chs,    0 cc.  Rmin & Coul turning =    0.4    3.4
   S-matrix    1 =    0.01033  -0.00163 for L=    9, J=    9.0 channel on core I =   0.0 from L=    9,  Acc. loss =  0.0 D.
 Elastic phase shift   1 =   -4.483 130.647 deg. for the L =    9, J =    9.0 channel.
       9.0  0.01032958 -0.00162960i: elastic S-matrix  @@      0.00  0   0 F  0
 Reaction Xsec     9.0-/ 9 @ 1 =  42.792 , Out:   0.000#


 Total SPIN, PARITY =    10.0 +,    1 chs,    0 cc.  Rmin & Coul turning =    0.5    3.7
   S-matrix    1 =    0.00429  -0.00943 for L=   10, J=   10.0 channel on core I =   0.0 from L=   10,  Acc. loss =  0.0 D.
 Elastic phase shift   1 =  -32.768 130.907 deg. for the L =   10, J =   10.0 channel.
      10.0  0.00429162 -0.00943275i: elastic S-matrix  @@      0.00  0   0 F  0
 Reaction Xsec    10.0+/10 @ 1 =  47.297 , Out:   0.000#


 Total SPIN, PARITY =    11.0 -,    1 chs,    0 cc.  Rmin & Coul turning =    0.5    3.9
   S-matrix    1 =   -0.00560  -0.00887 for L=   11, J=   11.0 channel on core I =   0.0 from L=   11,  Acc. loss =  0.0 D.
 Elastic phase shift   1 =  -61.143 130.550 deg. for the L =   11, J =   11.0 channel.
      11.0 -0.00560456 -0.00887067i: elastic S-matrix  @@      0.00  0   0 F  0
 Reaction Xsec    11.0-/11 @ 1 =  51.801 , Out:   0.000#


 Total SPIN, PARITY =    12.0 +,    1 chs,    0 cc.  Rmin & Coul turning =    0.6    4.2
   S-matrix    1 =   -0.01032  -0.00010 for L=   12, J=   12.0 channel on core I =   0.0 from L=   12,  Acc. loss =  0.0 D.
 Elastic phase shift   1 =  -89.712 131.018 deg. for the L =   12, J =   12.0 channel.
      12.0 -0.01032230 -0.00010367i: elastic S-matrix  @@      0.00  0   0 F  0
 Reaction Xsec    12.0+/12 @ 1 =  56.305 , Out:   0.000#


 Total SPIN, PARITY =    13.0 -,    1 chs,    0 cc.  Rmin & Coul turning =    0.6    4.4
   S-matrix    1 =   -0.00526   0.00894 for L=   13, J=   13.0 channel on core I =   0.0 from L=   13,  Acc. loss =  0.0 D.
 Elastic phase shift   1 =   60.228 130.885 deg. for the L =   13, J =   13.0 channel.
      13.0 -0.00525676  0.00894015i: elastic S-matrix  @@      0.00  0   0 F  0
 Reaction Xsec    13.0-/13 @ 1 =  60.810 , Out:   0.000#


 Total SPIN, PARITY =    14.0 +,    1 chs,    0 cc.  Rmin & Coul turning =    0.7    4.7
   S-matrix    1 =    0.00500   0.00894 for L=   14, J=   14.0 channel on core I =   0.0 from L=   14,  Acc. loss =  0.0 D.
 Elastic phase shift   1 =   30.392 131.226 deg. for the L =   14, J =   14.0 channel.
      14.0  0.00500205  0.00894458i: elastic S-matrix  @@      0.00  0   0 F  0
 Reaction Xsec    14.0+/14 @ 1 =  65.314 , Out:   0.000#


 Total SPIN, PARITY =    15.0 -,    1 chs,    0 cc.  Rmin & Coul turning =    0.7    5.0
   S-matrix    1 =    0.00990  -0.00085 for L=   15, J=   15.0 channel on core I =   0.0 from L=   15,  Acc. loss =  0.0 D.
 Elastic phase shift   1 =   -2.462 132.099 deg. for the L =   15, J =   15.0 channel.
      15.0  0.00990395 -0.00085321i: elastic S-matrix  @@      0.00  0   0 F  0
 Reaction Xsec    15.0-/15 @ 1 =  69.819 , Out:   0.000#


 Total SPIN, PARITY =    16.0 +,    1 chs,    0 cc.  Rmin & Coul turning =    0.8    5.2
   S-matrix    1 =    0.00347  -0.00952 for L=   16, J=   16.0 channel on core I =   0.0 from L=   16,  Acc. loss =  0.0 D.
 Elastic phase shift   1 =  -34.990 131.564 deg. for the L =   16, J =   16.0 channel.
      16.0  0.00346755 -0.00951615i: elastic S-matrix  @@      0.00  0   0 F  0
 Reaction Xsec    16.0+/16 @ 1 =  74.323 , Out:   0.000#


 Total SPIN, PARITY =    17.0 -,    1 chs,    0 cc.  Rmin & Coul turning =    0.8    5.5
   S-matrix    1 =   -0.00705  -0.00562 for L=   17, J=   17.0 channel on core I =   0.0 from L=   17,  Acc. loss =  0.0 D.
 Elastic phase shift   1 =  -70.707 134.890 deg. for the L =   17, J =   17.0 channel.
      17.0 -0.00704921 -0.00562436i: elastic S-matrix  @@      0.00  0   0 F  0
 Reaction Xsec    17.0-/17 @ 1 =  78.830 , Out:   0.000#


 Total SPIN, PARITY =    18.0 +,    1 chs,    0 cc.  Rmin & Coul turning =    0.8    5.8
   S-matrix    1 =   -0.00762   0.00620 for L=   18, J=   18.0 channel on core I =   0.0 from L=   18,  Acc. loss =  0.0 D.
 Elastic phase shift   1 =   70.436 132.435 deg. for the L =   18, J =   18.0 channel.
      18.0 -0.00762146  0.00620012i: elastic S-matrix  @@      0.00  0   0 F  0
 Reaction Xsec    18.0+/18 @ 1 =  83.333 , Out:   0.000#


 Total SPIN, PARITY =    19.0 -,    1 chs,    0 cc.  Rmin & Coul turning =    0.9    6.0
   S-matrix    1 =    0.00241   0.00757 for L=   19, J=   19.0 channel on core I =   0.0 from L=   19,  Acc. loss =  0.0 D.
 Elastic phase shift   1 =   36.151 138.532 deg. for the L =   19, J =   19.0 channel.
      19.0  0.00241422  0.00756537i: elastic S-matrix  @@      0.00  0   0 F  0
 Reaction Xsec    19.0-/19 @ 1 =  87.840 , Out:   0.000#


 Total SPIN, PARITY =    20.0 +,    1 chs,    0 cc.  Rmin & Coul turning =    1.0    6.3
   S-matrix    1 =    0.00603  -0.00558 for L=   20, J=   20.0 channel on core I =   0.0 from L=   20,  Acc. loss =  0.0 D.
 Elastic phase shift   1 =  -21.406 137.557 deg. for the L =   20, J =   20.0 channel.
      20.0  0.00602740 -0.00558379i: elastic S-matrix  @@      0.00  0   0 F  0
 Reaction Xsec    20.0+/20 @ 1 =  92.344 , Out:   0.000#


 Total SPIN, PARITY =    21.0 -,    1 chs,    0 cc.  Rmin & Coul turning =    1.0    6.6
   S-matrix    1 =   -0.00051  -0.01078 for L=   21, J=   21.0 channel on core I =   0.0 from L=   21,  Acc. loss =  0.0 D.
 Elastic phase shift   1 =  -46.350 129.747 deg. for the L =   21, J =   21.0 channel.
      21.0 -0.00050833 -0.01077924i: elastic S-matrix  @@      0.00  0   0 F  0
 Reaction Xsec    21.0-/21 @ 1 =  96.844 , Out:   0.000#


 Total SPIN, PARITY =    22.0 +,    1 chs,    0 cc.  Rmin & Coul turning =    1.1    6.8
   S-matrix    1 =    0.00626   0.00140 for L=   22, J=   22.0 channel on core I =   0.0 from L=   22,  Acc. loss =  0.0 D.
 Elastic phase shift   1 =    6.312 144.646 deg. for the L =   22, J =   22.0 channel.
      22.0  0.00626003  0.00140202i: elastic S-matrix  @@      0.00  0   0 F  0
 Reaction Xsec    22.0+/22 @ 1 = 101.356 , Out:   0.000#


 Total SPIN, PARITY =    23.0 -,    1 chs,    0 cc.  Rmin & Coul turning =    1.1    7.1
   S-matrix    1 =    0.02558   0.01260 for L=   23, J=   23.0 channel on core I =   0.0 from L=   23,  Acc. loss =  0.0 D.
 Elastic phase shift   1 =   13.111 101.911 deg. for the L =   23, J =   23.0 channel.
      23.0  0.02557941  0.01259860i: elastic S-matrix  @@      0.00  0   0 F  0
 Reaction Xsec    23.0-/23 @ 1 = 105.779 , Out:   0.000#


 Total SPIN, PARITY =    24.0 +,    1 chs,    0 cc.  Rmin & Coul turning =    1.1    7.4
   S-matrix    1 =    0.03161   0.04060 for L=   24, J=   24.0 channel on core I =   0.0 from L=   24,  Acc. loss =  0.0 D.
 Elastic phase shift   1 =   26.045  85.000 deg. for the L =   24, J =   24.0 channel.
      24.0  0.03161491  0.04059532i: elastic S-matrix  @@      0.00  0   0 F  0
 Reaction Xsec    24.0+/24 @ 1 = 110.078 , Out:   0.000#


 Total SPIN, PARITY =    25.0 -,    1 chs,    0 cc.  Rmin & Coul turning =    1.2    7.6
   S-matrix    1 =    0.04423   0.11610 for L=   25, J=   25.0 channel on core I =   0.0 from L=   25,  Acc. loss =  0.0 D.
 Elastic phase shift   1 =   34.572  59.745 deg. for the L =   25, J =   25.0 channel.
      25.0  0.04423203  0.11610425i: elastic S-matrix  @@      0.00  0   0 F  0
 Reaction Xsec    25.0-/25 @ 1 = 113.102 , Out:   0.000#


 Total SPIN, PARITY =    26.0 +,    1 chs,    0 cc.  Rmin & Coul turning =    1.2    7.9
   S-matrix    1 =    0.09281   0.24231 for L=   26, J=   26.0 channel on core I =   0.0 from L=   26,  Acc. loss =  0.0 D.
 Elastic phase shift   1 =   34.521  38.649 deg. for the L =   26, J =   26.0 channel.
      26.0  0.09280738  0.24231087i: elastic S-matrix  @@      0.00  0   0 F  0
 Reaction Xsec    26.0+/26 @ 1 = 111.343 , Out:   0.000#


 Total SPIN, PARITY =    27.0 -,    1 chs,    0 cc.  Rmin & Coul turning =    1.3    8.2
   S-matrix    1 =    0.23474   0.38953 for L=   27, J=   27.0 channel on core I =   0.0 from L=   27,  Acc. loss =  0.0 D.
 Elastic phase shift   1 =   29.463  22.572 deg. for the L =   27, J =   27.0 channel.
      27.0  0.23473999  0.38952733i: elastic S-matrix  @@      0.00  0   0 F  0
 Reaction Xsec    27.0-/27 @ 1 =  98.261 , Out:   0.000#


 Total SPIN, PARITY =    28.0 +,    1 chs,    0 cc.  Rmin & Coul turning =    1.3    8.4
   S-matrix    1 =    0.45326   0.45578 for L=   28, J=   28.0 channel on core I =   0.0 from L=   28,  Acc. loss =  0.0 D.
 Elastic phase shift   1 =   22.579  12.661 deg. for the L =   28, J =   28.0 channel.
      28.0  0.45326207  0.45577757i: elastic S-matrix  @@      0.00  0   0 F  0
 Reaction Xsec    28.0+/28 @ 1 =  75.342 , Out:   0.000#


 Total SPIN, PARITY =    29.0 -,    1 chs,    0 cc.  Rmin & Coul turning =    1.4    8.7
   S-matrix    1 =    0.65258   0.42548 for L=   29, J=   29.0 channel on core I =   0.0 from L=   29,  Acc. loss =  0.0 D.
 Elastic phase shift   1 =   16.552   7.153 deg. for the L =   29, J =   29.0 channel.
      29.0  0.65257940  0.42547830i: elastic S-matrix  @@      0.00  0   0 F  0
 Reaction Xsec    29.0-/29 @ 1 =  52.242 , Out:   0.000#


 Total SPIN, PARITY =    30.0 +,    1 chs,    0 cc.  Rmin & Coul turning =    1.4    9.0
   S-matrix    1 =    0.79146   0.35114 for L=   30, J=   30.0 channel on core I =   0.0 from L=   30,  Acc. loss =  0.0 D.
 Elastic phase shift   1 =   11.963   4.126 deg. for the L =   30, J =   30.0 channel.
      30.0  0.79145924  0.35114190i: elastic S-matrix  @@      0.00  0   0 F  0
 Reaction Xsec    30.0+/30 @ 1 =  34.390 , Out:   0.000#


 Total SPIN, PARITY =    31.0 -,    1 chs,    0 cc.  Rmin & Coul turning =    1.5    9.2
   S-matrix    1 =    0.87738   0.27234 for L=   31, J=   31.0 channel on core I =   0.0 from L=   31,  Acc. loss =  0.0 D.
 Elastic phase shift   1 =    8.622   2.430 deg. for the L =   31, J =   31.0 channel.
      31.0  0.87737508  0.27234246i: elastic S-matrix  @@      0.00  0   0 F  0
 Reaction Xsec    31.0-/31 @ 1 =  22.143 , Out:   0.000#


 Total SPIN, PARITY =    32.0 +,    1 chs,    0 cc.  Rmin & Coul turning =    1.5    9.5
   S-matrix    1 =    0.92811   0.20482 for L=   32, J=   32.0 channel on core I =   0.0 from L=   32,  Acc. loss =  0.0 D.
 Elastic phase shift   1 =    6.222   1.456 deg. for the L =   32, J =   32.0 channel.
      32.0  0.92811123  0.20481831i: elastic S-matrix  @@      0.00  0   0 F  0
 Reaction Xsec    32.0+/32 @ 1 =  14.152 , Out:   0.000#


 Total SPIN, PARITY =    33.0 -,    1 chs,    0 cc.  Rmin & Coul turning =    1.6    9.8
   S-matrix    1 =    0.95766   0.15170 for L=   33, J=   33.0 channel on core I =   0.0 from L=   33,  Acc. loss =  0.0 D.
 Elastic phase shift   1 =    4.501   0.884 deg. for the L =   33, J =   33.0 channel.
      33.0  0.95766251  0.15169769i: elastic S-matrix  @@      0.00  0   0 F  0
 Reaction Xsec    33.0-/33 @ 1 =   9.035 , Out:   0.000#


 Total SPIN, PARITY =    34.0 +,    1 chs,    0 cc.  Rmin & Coul turning =    1.6   10.0
   S-matrix    1 =    0.97488   0.11150 for L=   34, J=   34.0 channel on core I =   0.0 from L=   34,  Acc. loss =  0.0 D.
 Elastic phase shift   1 =    3.262   0.543 deg. for the L =   34, J =   34.0 channel.
      34.0  0.97488225  0.11150379i: elastic S-matrix  @@      0.00  0   0 F  0
 Reaction Xsec    34.0+/34 @ 1 =   5.777 , Out:   0.000#


 Total SPIN, PARITY =    35.0 -,    1 chs,    0 cc.  Rmin & Coul turning =    1.7   10.3
   S-matrix    1 =    0.98498   0.08165 for L=   35, J=   35.0 channel on core I =   0.0 from L=   35,  Acc. loss =  0.0 D.
 Elastic phase shift   1 =    2.369   0.335 deg. for the L =   35, J =   35.0 channel.
      35.0  0.98497923  0.08165349i: elastic S-matrix  @@      0.00  0   0 F  0
 Reaction Xsec    35.0-/35 @ 1 =   3.702 , Out:   0.000#


 Total SPIN, PARITY =    36.0 +,    1 chs,    0 cc.  Rmin & Coul turning =    1.7   10.6
   S-matrix    1 =    0.99095   0.05969 for L=   36, J=   36.0 channel on core I =   0.0 from L=   36,  Acc. loss =  0.0 D.
 Elastic phase shift   1 =    1.723   0.209 deg. for the L =   36, J =   36.0 channel.
      36.0  0.99094872  0.05968640i: elastic S-matrix  @@      0.00  0   0 F  0
 Reaction Xsec    36.0+/36 @ 1 =   2.377 , Out:   0.000#


 Total SPIN, PARITY =    37.0 -,    1 chs,    0 cc.  Rmin & Coul turning =    1.8   10.8
   S-matrix    1 =    0.99451   0.04359 for L=   37, J=   37.0 channel on core I =   0.0 from L=   37,  Acc. loss =  0.0 D.
 Elastic phase shift   1 =    1.255   0.130 deg. for the L =   37, J =   37.0 channel.
      37.0  0.99450811  0.04359246i: elastic S-matrix  @@      0.00  0   0 F  0
 Reaction Xsec    37.0-/37 @ 1 =   1.529 , Out:   0.000#


 Total SPIN, PARITY =    38.0 +,    1 chs,    0 cc.  Rmin & Coul turning =    1.8   11.1
   S-matrix    1 =    0.99665   0.03183 for L=   38, J=   38.0 channel on core I =   0.0 from L=   38,  Acc. loss =  0.0 D.
 Elastic phase shift   1 =    0.915   0.082 deg. for the L =   38, J =   38.0 channel.
      38.0  0.99664754  0.03182636i: elastic S-matrix  @@      0.00  0   0 F  0
 Reaction Xsec    38.0+/38 @ 1 =   0.985 , Out:   0.000#


 Total SPIN, PARITY =    39.0 -,    1 chs,    0 cc.  Rmin & Coul turning =    1.9   11.4
   S-matrix    1 =    0.99794   0.02323 for L=   39, J=   39.0 channel on core I =   0.0 from L=   39,  Acc. loss =  0.0 D.
 Elastic phase shift   1 =    0.667   0.051 deg. for the L =   39, J =   39.0 channel.
      39.0  0.99794279  0.02323251i: elastic S-matrix  @@      0.00  0   0 F  0
 Reaction Xsec    39.0-/39 @ 1 =   0.635 , Out:   0.000#


 Total SPIN, PARITY =    40.0 +,    1 chs,    0 cc.  Rmin & Coul turning =    1.9   11.6
   S-matrix    1 =    0.99873   0.01696 for L=   40, J=   40.0 channel on core I =   0.0 from L=   40,  Acc. loss =  0.0 D.
 Elastic phase shift   1 =    0.486   0.032 deg. for the L =   40, J =   40.0 channel.
      40.0  0.99873195  0.01695810i: elastic S-matrix  @@      0.00  0   0 F  0
 Reaction Xsec    40.0+/40 @ 1 =   0.410 , Out:   0.000#


 Total SPIN, PARITY =    41.0 -,    1 chs,    0 cc.  Rmin & Coul turning =    1.9   11.9
   S-matrix    1 =    0.99922   0.01238 for L=   41, J=   41.0 channel on core I =   0.0 from L=   41,  Acc. loss =  0.0 D.
 Elastic phase shift   1 =    0.355   0.020 deg. for the L =   41, J =   41.0 channel.
      41.0  0.99921542  0.01237772i: elastic S-matrix  @@      0.00  0   0 F  0
 Reaction Xsec    41.0-/41 @ 1 =   0.265 , Out:   0.000#


 Total SPIN, PARITY =    42.0 +,    1 chs,    0 cc.  Rmin & Coul turning =    2.0   12.2
   S-matrix    1 =    0.99951   0.00903 for L=   42, J=   42.0 channel on core I =   0.0 from L=   42,  Acc. loss =  0.0 D.
 Elastic phase shift   1 =    0.259   0.013 deg. for the L =   42, J =   42.0 channel.
      42.0  0.99951301  0.00903409i: elastic S-matrix  @@      0.00  0   0 F  0
 Reaction Xsec    42.0+/42 @ 1 =   0.171 , Out:   0.000#


 Total SPIN, PARITY =    43.0 -,    1 chs,    0 cc.  Rmin & Coul turning =    2.0   12.4
   S-matrix    1 =    0.99970   0.00659 for L=   43, J=   43.0 channel on core I =   0.0 from L=   43,  Acc. loss =  0.0 D.
 Elastic phase shift   1 =    0.189   0.008 deg. for the L =   43, J =   43.0 channel.
      43.0  0.99969692  0.00659330i: elastic S-matrix  @@      0.00  0   0 F  0
 Reaction Xsec    43.0-/43 @ 1 =   0.110 , Out:   0.000#


 Total SPIN, PARITY =    44.0 +,    1 chs,    0 cc.  Rmin & Coul turning =    2.1   12.7
   S-matrix    1 =    0.99981   0.00481 for L=   44, J=   44.0 channel on core I =   0.0 from L=   44,  Acc. loss =  0.0 D.
 Elastic phase shift   1 =    0.138   0.005 deg. for the L =   44, J =   44.0 channel.
      44.0  0.99981095  0.00481156i: elastic S-matrix  @@      0.00  0   0 F  0
 Reaction Xsec    44.0+/44 @ 1 =   0.071 , Out:   0.000#


 Total SPIN, PARITY =    45.0 -,    1 chs,    0 cc.  Rmin & Coul turning =    2.2   13.0
   S-matrix    1 =    0.99988   0.00351 for L=   45, J=   45.0 channel on core I =   0.0 from L=   45,  Acc. loss =  0.0 D.
 Elastic phase shift   1 =    0.101   0.003 deg. for the L =   45, J =   45.0 channel.
      45.0  0.99988186  0.00351098i: elastic S-matrix  @@      0.00  0   0 F  0
 Reaction Xsec    45.0-/45 @ 1 =   0.046 , Out:   0.000#


 Total SPIN, PARITY =    46.0 +,    1 chs,    0 cc.  Rmin & Coul turning =    2.2   13.2
   S-matrix    1 =    0.99993   0.00256 for L=   46, J=   46.0 channel on core I =   0.0 from L=   46,  Acc. loss =  0.0 D.
 Elastic phase shift   1 =    0.073   0.002 deg. for the L =   46, J =   46.0 channel.
      46.0  0.99992606  0.00256167i: elastic S-matrix  @@      0.00  0   0 F  0
 Reaction Xsec    46.0+/46 @ 1 =   0.030 , Out:   0.000#


 Total SPIN, PARITY =    47.0 -,    1 chs,    0 cc.  Rmin & Coul turning =    2.2   13.5
   S-matrix    1 =    0.99995   0.00187 for L=   47, J=   47.0 channel on core I =   0.0 from L=   47,  Acc. loss =  0.0 D.
 Elastic phase shift   1 =    0.054   0.001 deg. for the L =   47, J =   47.0 channel.
      47.0  0.99995367  0.00186881i: elastic S-matrix  @@      0.00  0   0 F  0
 Reaction Xsec    47.0-/47 @ 1 =   0.019 , Out:   0.000#


 Total SPIN, PARITY =    48.0 +,    1 chs,    0 cc.  Rmin & Coul turning =    2.3   13.8
   S-matrix    1 =    0.99997   0.00136 for L=   48, J=   48.0 channel on core I =   0.0 from L=   48,  Acc. loss =  0.0 D.
 Elastic phase shift   1 =    0.039   0.001 deg. for the L =   48, J =   48.0 channel.
      48.0  0.99997093  0.00136317i: elastic S-matrix  @@      0.00  0   0 F  0
 Reaction Xsec    48.0+/48 @ 1 =   0.012 , Out:   0.000#


 Total SPIN, PARITY =    49.0 -,    1 chs,    0 cc.  Rmin & Coul turning =    2.3   14.0
   S-matrix    1 =    0.99998   0.00099 for L=   49, J=   49.0 channel on core I =   0.0 from L=   49,  Acc. loss =  0.0 D.
 Elastic phase shift   1 =    0.028   0.001 deg. for the L =   49, J =   49.0 channel.
      49.0  0.99998175  0.00099421i: elastic S-matrix  @@      0.00  0   0 F  0
 Reaction Xsec    49.0-/49 @ 1 =   7.918/, Out:   0.000#


 Total SPIN, PARITY =    50.0 +,    1 chs,    0 cc.  Rmin & Coul turning =    2.4   14.3
   S-matrix    1 =    0.99999   0.00073 for L=   50, J=   50.0 channel on core I =   0.0 from L=   50,  Acc. loss =  0.0 D.
 Elastic phase shift   1 =    0.021   0.000 deg. for the L =   50, J =   50.0 channel.
      50.0  0.99998853  0.00072502i: elastic S-matrix  @@      0.00  0   0 F  0
 Reaction Xsec    50.0+/50 @ 1 =   5.097/, Out:   0.000#


 Total SPIN, PARITY =    51.0 -,    1 chs,    0 cc.  Rmin & Coul turning =    2.4   14.6
   S-matrix    1 =    0.99999   0.00053 for L=   51, J=   51.0 channel on core I =   0.0 from L=   51,  Acc. loss =  0.0 D.
 Elastic phase shift   1 =    0.015   0.000 deg. for the L =   51, J =   51.0 channel.
      51.0  0.99999279  0.00052864i: elastic S-matrix  @@      0.00  0   0 F  0
 Reaction Xsec    51.0-/51 @ 1 =   3.279/, Out:   0.000#

 Finished all CC sets @    1.80940013E-02
0CUMULATIVE REACTION cross section                 = 1953.46368  <L> =    19.34  <L**2> =    427.0
0CUMULATIVE outgoing cross sections in partition 1 :    0.00000
0Cumulative ABSORBTION by Imaginary Potentials     = 1953.46368  <L> =    19.34  <L**2> =    427.0
   Fusion for specific H4       M-states : 1953.463677
0CUMULATIVE OUTGOING cross section                 =    0.00000
 To convert to S-factors (MeV.mb = keV.b),  multiply by  3.9176E+09


 CROSS SECTIONS FOR OUTGOING H4       & Zr90     in state #   1 with spins & parities 0.0  + & 0.0  +;  0

 AMM: LJMAX,NLJ=   0.0000000000000000                1
 AMM: NJ=           1
 AMM: JBL,JUMP(JBL,:)=           1           1          52          52

 CC#   1   1 IS  0.0   1   1

 CC#   1   2 IS  1.0   1   1

 CC#   1   3 IS  2.0   1   1

 CC#   1   4 IS  3.0   1   1

 CC#   1   5 IS  4.0   1   1

 CC#   1   6 IS  5.0   1   1

 CC#   1   7 IS  6.0   1   1

 CC#   1   8 IS  7.0   1   1

 CC#   1   9 IS  8.0   1   1

 CC#   1  10 IS  9.0   1   1

 CC#   1  11 IS 10.0   1   1

 CC#   1  12 IS 11.0   1   1

 CC#   1  13 IS 12.0   1   1

 CC#   1  14 IS 13.0   1   1

 CC#   1  15 IS 14.0   1   1

 CC#   1  16 IS 15.0   1   1

 CC#   1  17 IS 16.0   1   1

 CC#   1  18 IS 17.0   1   1

 CC#   1  19 IS 18.0   1   1

 CC#   1  20 IS 19.0   1   1

 CC#   1  21 IS 20.0   1   1

 CC#   1  22 IS 21.0   1   1

 CC#   1  23 IS 22.0   1   1

 CC#   1  24 IS 23.0   1   1

 CC#   1  25 IS 24.0   1   1

 CC#   1  26 IS 25.0   1   1

 CC#   1  27 IS 26.0   1   1

 CC#   1  28 IS 27.0   1   1

 CC#   1  29 IS 28.0   1   1

 CC#   1  30 IS 29.0   1   1

 CC#   1  31 IS 30.0   1   1

 CC#   1  32 IS 31.0   1   1

 CC#   1  33 IS 32.0   1   1

 CC#   1  34 IS 33.0   1   1

 CC#   1  35 IS 34.0   1   1

 CC#   1  36 IS 35.0   1   1

 CC#   1  37 IS 36.0   1   1

 CC#   1  38 IS 37.0   1   1

 CC#   1  39 IS 38.0   1   1

 CC#   1  40 IS 39.0   1   1

 CC#   1  41 IS 40.0   1   1

 CC#   1  42 IS 41.0   1   1

 CC#   1  43 IS 42.0   1   1

 CC#   1  44 IS 43.0   1   1

 CC#   1  45 IS 44.0   1   1

 CC#   1  46 IS 45.0   1   1

 CC#   1  47 IS 46.0   1   1

 CC#   1  48 IS 47.0   1   1

 CC#   1  49 IS 48.0   1   1

 CC#   1  50 IS 49.0   1   1

 CC#   1  51 IS 50.0   1   1

 CC#   1  52 IS 51.0   1   1
     0.01 deg.: X-S =   2.4684E+16 mb/sr,
+                                         /R =   1.0000E+00
     1.00 deg.: X-S =   2.5178E+08 mb/sr,
+                                         /R =   1.0200E+00
     2.00 deg.: X-S =   1.4858E+07 mb/sr,
+                                         /R =   9.6289E-01
     3.00 deg.: X-S =   3.3850E+06 mb/sr,
+                                         /R =   1.1103E+00
     4.00 deg.: X-S =   9.9779E+05 mb/sr,
+                                         /R =   1.0340E+00
     5.00 deg.: X-S =   4.0253E+05 mb/sr,
+                                         /R =   1.0179E+00
     6.00 deg.: X-S =   1.9280E+05 mb/sr,
+                                         /R =   1.0105E+00
     7.00 deg.: X-S =   8.3398E+04 mb/sr,
+                                         /R =   8.0920E-01
     8.00 deg.: X-S =   3.2249E+04 mb/sr,
+                                         /R =   5.3341E-01
     9.00 deg.: X-S =   1.5262E+04 mb/sr,
+                                         /R =   4.0400E-01
    10.00 deg.: X-S =   1.0816E+04 mb/sr,
+                                         /R =   4.3595E-01
    11.00 deg.: X-S =  7937.251222 mb/sr,
+                                         /R =   4.6791E-01
    12.00 deg.: X-S =  4567.921960 mb/sr,
+                                         /R =   3.8094E-01
    13.00 deg.: X-S =  1874.589828 mb/sr,
+                                         /R =   2.1505E-01
    14.00 deg.: X-S =   622.545481 mb/sr,
+                                         /R =   9.5929E-02
    15.00 deg.: X-S =   463.545229 mb/sr,
+                                         /R =   9.3990E-02
    16.00 deg.: X-S =   632.971763 mb/sr,
+                                         /R =   1.6588E-01
    17.00 deg.: X-S =   639.356997 mb/sr,
+                                         /R =   2.1318E-01
    18.00 deg.: X-S =   428.570356 mb/sr,
+                                         /R =   1.7929E-01
    19.00 deg.: X-S =   175.282512 mb/sr,
+                                         /R =   9.0860E-02
    20.00 deg.: X-S =    30.843926 mb/sr,
+                                         /R =   1.9591E-02
    21.00 deg.: X-S =    17.137171 mb/sr,
+                                         /R =   1.3203E-02
    22.00 deg.: X-S =    64.284724 mb/sr,
+                                         /R =   5.9525E-02
    23.00 deg.: X-S =    96.551060 mb/sr,
+                                         /R =   1.0656E-01
    24.00 deg.: X-S =    85.179589 mb/sr,
+                                         /R =   1.1119E-01
    25.00 deg.: X-S =    46.932680 mb/sr,
+                                         /R =   7.1949E-02
    26.00 deg.: X-S =    12.822909 mb/sr,
+                                         /R =   2.2937E-02
    27.00 deg.: X-S =     0.533635 mb/sr,
+                                         /R =   1.1071E-03
    28.00 deg.: X-S =     7.229463 mb/sr,
+                                         /R =   1.7298E-02
    29.00 deg.: X-S =    19.057575 mb/sr,
+                                         /R =   5.2320E-02
    30.00 deg.: X-S =    24.312050 mb/sr,
+                                         /R =   7.6209E-02
    31.00 deg.: X-S =    20.205591 mb/sr,
+                                         /R =   7.1989E-02
    32.00 deg.: X-S =    11.344835 mb/sr,
+                                         /R =   4.5746E-02
    33.00 deg.: X-S =     4.029421 mb/sr,
+                                         /R =   1.8315E-02
    34.00 deg.: X-S =     1.544942 mb/sr,
+                                         /R =   7.8859E-03
    35.00 deg.: X-S =     3.068685 mb/sr,
+                                         /R =   1.7527E-02
    36.00 deg.: X-S =     5.595490 mb/sr,
+                                         /R =   3.5642E-02
    37.00 deg.: X-S =     6.600338 mb/sr,
+                                         /R =   4.6738E-02
    38.00 deg.: X-S =     5.480019 mb/sr,
+                                         /R =   4.3008E-02
    39.00 deg.: X-S =     3.271298 mb/sr,
+                                         /R =   2.8373E-02
    40.00 deg.: X-S =     1.422105 mb/sr,
+                                         /R =   1.3594E-02
    41.00 deg.: X-S =     0.725846 mb/sr,
+                                         /R =   7.6268E-03
    42.00 deg.: X-S =     1.031321 mb/sr,
+                                         /R =   1.1883E-02
    43.00 deg.: X-S =     1.639008 mb/sr,
+                                         /R =   2.0658E-02
    44.00 deg.: X-S =     1.908718 mb/sr,
+                                         /R =   2.6257E-02
    45.00 deg.: X-S =     1.641101 mb/sr,
+                                         /R =   2.4586E-02
    46.00 deg.: X-S =     1.070015 mb/sr,
+                                         /R =   1.7422E-02
    47.00 deg.: X-S =     0.582451 mb/sr,
+                                         /R =   1.0286E-02
    48.00 deg.: X-S =     0.418185 mb/sr,
+                                         /R =   7.9951E-03
    49.00 deg.: X-S =     0.549857 mb/sr,
+                                         /R =   1.1359E-02
    50.00 deg.: X-S =     0.773552 mb/sr,
+                                         /R =   1.7238E-02
    51.00 deg.: X-S =     0.889273 mb/sr,
+                                         /R =   2.1339E-02
    52.00 deg.: X-S =     0.824768 mb/sr,
+                                         /R =   2.1276E-02
    53.00 deg.: X-S =     0.641273 mb/sr,
+                                         /R =   1.7756E-02
    54.00 deg.: X-S =     0.457508 mb/sr,
+                                         /R =   1.3576E-02
    55.00 deg.: X-S =     0.363943 mb/sr,
+                                         /R =   1.1557E-02
    56.00 deg.: X-S =     0.377055 mb/sr,
+                                         /R =   1.2795E-02
    57.00 deg.: X-S =     0.446086 mb/sr,
+                                         /R =   1.6154E-02
    58.00 deg.: X-S =     0.497225 mb/sr,
+                                         /R =   1.9188E-02
    59.00 deg.: X-S =     0.483785 mb/sr,
+                                         /R =   1.9870E-02
    60.00 deg.: X-S =     0.409948 mb/sr,
+                                         /R =   1.7898E-02
    61.00 deg.: X-S =     0.316244 mb/sr,
+                                         /R =   1.4659E-02
    62.00 deg.: X-S =     0.244538 mb/sr,
+                                         /R =   1.2020E-02
    63.00 deg.: X-S =     0.212233 mb/sr,
+                                         /R =   1.1050E-02
    64.00 deg.: X-S =     0.210316 mb/sr,
+                                         /R =   1.1585E-02
    65.00 deg.: X-S =     0.217414 mb/sr,
+                                         /R =   1.2658E-02
    66.00 deg.: X-S =     0.214630 mb/sr,
+                                         /R =   1.3192E-02
    67.00 deg.: X-S =     0.193618 mb/sr,
+                                         /R =   1.2552E-02
    68.00 deg.: X-S =     0.158094 mb/sr,
+                                         /R =   1.0798E-02
    69.00 deg.: X-S =     0.119982 mb/sr,
+                                         /R =   8.6264E-03
    70.00 deg.: X-S =     0.091423 mb/sr,
+                                         /R =   6.9122E-03
    71.00 deg.: X-S =     0.077099 mb/sr,
+                                         /R =   6.1244E-03
    72.00 deg.: X-S =     0.072673 mb/sr,
+                                         /R =   6.0596E-03
    73.00 deg.: X-S =     0.070041 mb/sr,
+                                         /R =   6.1250E-03
    74.00 deg.: X-S =     0.063793 mb/sr,
+                                         /R =   5.8455E-03
    75.00 deg.: X-S =     0.053373 mb/sr,
+                                         /R =   5.1205E-03
    76.00 deg.: X-S =     0.041122 mb/sr,
+                                         /R =   4.1270E-03
    77.00 deg.: X-S =     0.029789 mb/sr,
+                                         /R =   3.1250E-03
    78.00 deg.: X-S =     0.021431 mb/sr,
+                                         /R =   2.3481E-03
    79.00 deg.: X-S =     0.016889 mb/sr,
+                                         /R =   1.9313E-03
    80.00 deg.: X-S =     0.015336 mb/sr,
+                                         /R =   1.8289E-03
    81.00 deg.: X-S =     0.014679 mb/sr,
+                                         /R =   1.8242E-03
    82.00 deg.: X-S =     0.013092 mb/sr,
+                                         /R =   1.6942E-03
    83.00 deg.: X-S =     0.010290 mb/sr,
+                                         /R =   1.3857E-03
    84.00 deg.: X-S =     0.007253 mb/sr,
+                                         /R =   1.0157E-03
    85.00 deg.: X-S =     0.004963 mb/sr,
+                                         /R =   7.2227E-04
    86.00 deg.: X-S =     0.003682 mb/sr,
+                                         /R =   5.5640E-04
    87.00 deg.: X-S =     0.003208 mb/sr,
+                                         /R =   5.0315E-04
    88.00 deg.: X-S =     0.003256 mb/sr,
+                                         /R =   5.2968E-04
    89.00 deg.: X-S =     0.003448 mb/sr,
+                                         /R =   5.8138E-04
    90.00 deg.: X-S =     0.003354 mb/sr,
+                                         /R =   5.8569E-04
    91.00 deg.: X-S =     0.002842 mb/sr,
+                                         /R =   5.1380E-04
    92.00 deg.: X-S =     0.002256 mb/sr,
+                                         /R =   4.2198E-04
    93.00 deg.: X-S =     0.002036 mb/sr,
+                                         /R =   3.9375E-04
    94.00 deg.: X-S =     0.002252 mb/sr,
+                                         /R =   4.5013E-04
    95.00 deg.: X-S =     0.002640 mb/sr,
+                                         /R =   5.4487E-04
    96.00 deg.: X-S =     0.002980 mb/sr,
+                                         /R =   6.3499E-04
    97.00 deg.: X-S =     0.003255 mb/sr,
+                                         /R =   7.1550E-04
    98.00 deg.: X-S =     0.003450 mb/sr,
+                                         /R =   7.8195E-04
    99.00 deg.: X-S =     0.003456 mb/sr,
+                                         /R =   8.0721E-04
   100.00 deg.: X-S =     0.003270 mb/sr,
+                                         /R =   7.8659E-04
   101.00 deg.: X-S =     0.003123 mb/sr,
+                                         /R =   7.7346E-04
   102.00 deg.: X-S =     0.003236 mb/sr,
+                                         /R =   8.2462E-04
   103.00 deg.: X-S =     0.003526 mb/sr,
+                                         /R =   9.2395E-04
   104.00 deg.: X-S =     0.003726 mb/sr,
+                                         /R =   1.0035E-03
   105.00 deg.: X-S =     0.003737 mb/sr,
+                                         /R =   1.0340E-03
   106.00 deg.: X-S =     0.003685 mb/sr,
+                                         /R =   1.0472E-03
   107.00 deg.: X-S =     0.003656 mb/sr,
+                                         /R =   1.0664E-03
   108.00 deg.: X-S =     0.003563 mb/sr,
+                                         /R =   1.0662E-03
   109.00 deg.: X-S =     0.003342 mb/sr,
+                                         /R =   1.0256E-03
   110.00 deg.: X-S =     0.003124 mb/sr,
+                                         /R =   9.8268E-04
   111.00 deg.: X-S =     0.003091 mb/sr,
+                                         /R =   9.9593E-04
   112.00 deg.: X-S =     0.003219 mb/sr,
+                                         /R =   1.0623E-03
   113.00 deg.: X-S =     0.003312 mb/sr,
+                                         /R =   1.1186E-03
   114.00 deg.: X-S =     0.003260 mb/sr,
+                                         /R =   1.1267E-03
   115.00 deg.: X-S =     0.003153 mb/sr,
+                                         /R =   1.1146E-03
   116.00 deg.: X-S =     0.003079 mb/sr,
+                                         /R =   1.1125E-03
   117.00 deg.: X-S =     0.002966 mb/sr,
+                                         /R =   1.0951E-03
   118.00 deg.: X-S =     0.002726 mb/sr,
+                                         /R =   1.0280E-03
   119.00 deg.: X-S =     0.002445 mb/sr,
+                                         /R =   9.4130E-04
   120.00 deg.: X-S =     0.002296 mb/sr,
+                                         /R =   9.0219E-04
   121.00 deg.: X-S =     0.002301 mb/sr,
+                                         /R =   9.2243E-04
   122.00 deg.: X-S =     0.002307 mb/sr,
+                                         /R =   9.4309E-04
   123.00 deg.: X-S =     0.002204 mb/sr,
+                                         /R =   9.1824E-04
   124.00 deg.: X-S =     0.002055 mb/sr,
+                                         /R =   8.7240E-04
   125.00 deg.: X-S =     0.001972 mb/sr,
+                                         /R =   8.5254E-04
   126.00 deg.: X-S =     0.001939 mb/sr,
+                                         /R =   8.5370E-04
   127.00 deg.: X-S =     0.001856 mb/sr,
+                                         /R =   8.3182E-04
   128.00 deg.: X-S =     0.001710 mb/sr,
+                                         /R =   7.7975E-04
   129.00 deg.: X-S =     0.001599 mb/sr,
+                                         /R =   7.4147E-04
   130.00 deg.: X-S =     0.001567 mb/sr,
+                                         /R =   7.3845E-04
   131.00 deg.: X-S =     0.001524 mb/sr,
+                                         /R =   7.3004E-04
   132.00 deg.: X-S =     0.001394 mb/sr,
+                                         /R =   6.7811E-04
   133.00 deg.: X-S =     0.001239 mb/sr,
+                                         /R =   6.1231E-04
   134.00 deg.: X-S =     0.001173 mb/sr,
+                                         /R =   5.8825E-04
   135.00 deg.: X-S =     0.001186 mb/sr,
+                                         /R =   6.0378E-04
   136.00 deg.: X-S =     0.001166 mb/sr,
+                                         /R =   6.0180E-04
   137.00 deg.: X-S =     0.001053 mb/sr,
+                                         /R =   5.5144E-04
   138.00 deg.: X-S =     0.000919 mb/sr,
+                                         /R =   4.8778E-04
   139.00 deg.: X-S =     0.000854 mb/sr,
+                                         /R =   4.5909E-04
   140.00 deg.: X-S =     0.000850 mb/sr,
+                                         /R =   4.6282E-04
   141.00 deg.: X-S =     0.000837 mb/sr,
+                                         /R =   4.6186E-04
   142.00 deg.: X-S =     0.000803 mb/sr,
+                                         /R =   4.4818E-04
   143.00 deg.: X-S =     0.000792 mb/sr,
+                                         /R =   4.4748E-04
   144.00 deg.: X-S =     0.000802 mb/sr,
+                                         /R =   4.5822E-04
   145.00 deg.: X-S =     0.000756 mb/sr,
+                                         /R =   4.3685E-04
   146.00 deg.: X-S =     0.000628 mb/sr,
+                                         /R =   3.6671E-04
   147.00 deg.: X-S =     0.000505 mb/sr,
+                                         /R =   2.9826E-04
   148.00 deg.: X-S =     0.000481 mb/sr,
+                                         /R =   2.8703E-04
   149.00 deg.: X-S =     0.000531 mb/sr,
+                                         /R =   3.1992E-04
   150.00 deg.: X-S =     0.000551 mb/sr,
+                                         /R =   3.3529E-04
   151.00 deg.: X-S =     0.000492 mb/sr,
+                                         /R =   3.0216E-04
   152.00 deg.: X-S =     0.000406 mb/sr,
+                                         /R =   2.5124E-04
   153.00 deg.: X-S =     0.000364 mb/sr,
+                                         /R =   2.2750E-04
   154.00 deg.: X-S =     0.000374 mb/sr,
+                                         /R =   2.3563E-04
   155.00 deg.: X-S =     0.000395 mb/sr,
+                                         /R =   2.5098E-04
   156.00 deg.: X-S =     0.000418 mb/sr,
+                                         /R =   2.6719E-04
   157.00 deg.: X-S =     0.000455 mb/sr,
+                                         /R =   2.9285E-04
   158.00 deg.: X-S =     0.000470 mb/sr,
+                                         /R =   3.0468E-04
   159.00 deg.: X-S =     0.000397 mb/sr,
+                                         /R =   2.5948E-04
   160.00 deg.: X-S =     0.000257 mb/sr,
+                                         /R =   1.6875E-04
   161.00 deg.: X-S =     0.000166 mb/sr,
+                                         /R =   1.0990E-04
   162.00 deg.: X-S =     0.000206 mb/sr,
+                                         /R =   1.3682E-04
   163.00 deg.: X-S =     0.000321 mb/sr,
+                                         /R =   2.1432E-04
   164.00 deg.: X-S =     0.000389 mb/sr,
+                                         /R =   2.6103E-04
   165.00 deg.: X-S =     0.000348 mb/sr,
+                                         /R =   2.3463E-04
   166.00 deg.: X-S =     0.000242 mb/sr,
+                                         /R =   1.6385E-04
   167.00 deg.: X-S =     0.000161 mb/sr,
+                                         /R =   1.0950E-04
   168.00 deg.: X-S =     0.000158 mb/sr,
+                                         /R =   1.0792E-04
   169.00 deg.: X-S =     0.000235 mb/sr,
+                                         /R =   1.6124E-04
   170.00 deg.: X-S =     0.000380 mb/sr,
+                                         /R =   2.6136E-04
   171.00 deg.: X-S =     0.000540 mb/sr,
+                                         /R =   3.7260E-04
   172.00 deg.: X-S =     0.000580 mb/sr,
+                                         /R =   4.0124E-04
   173.00 deg.: X-S =     0.000396 mb/sr,
+                                         /R =   2.7466E-04
   174.00 deg.: X-S =     0.000112 mb/sr,
+                                         /R =   7.7906E-05
   175.00 deg.: X-S =   3.6431E-05 mb/sr,
+                                         /R =   2.5352E-05
   176.00 deg.: X-S =     0.000369 mb/sr,
+                                         /R =   2.5722E-04
   177.00 deg.: X-S =     0.001032 mb/sr,
+                                         /R =   7.1975E-04
   178.00 deg.: X-S =     0.001777 mb/sr,
+                                         /R =   1.2407E-03
   179.00 deg.: X-S =     0.002352 mb/sr,
+                                         /R =   1.6429E-03
   179.99 deg.: X-S =     0.002569 mb/sr,
+                                         /R =   1.7943E-03
 Finished all xsecs @    1.94070004E-02

  The following files have been created:
   3:local copy of User input.            6:standard output.                   
   7:elastic  S-matrix elements.         13:total cross sections/state.        
  16:tables of cross sections.           38:cross sections for each J/pi.      
  39:cross sections for each Ecm.        40:all cross sectns. for each Elab.   
  45:scat phase shift as E functions.    56:Fusion for each Jtotal.            
 201:Separate cross sections.           

 PARAMETERS : MAXQRN   MFNL   MLOC  LMAX1 MCLIST
    ALLOWED :      1      1      2    120      4
    REQUIRED:      0      0      2     52      2


 ACCURACY ANALYSIS at    79.500 MeV :

  Elastic h*k = 0.112 so OK       compared with 0.200

   Real(S-el) > 0.01 first at J =       9.0
   Real(S-el) > 0.10 first at J =      27.0
   Real(S-el) > 0.50 first at J =      29.0
   Real(S-el) > 0.90 first at J =      32.0
   Real(S-el) > 0.99 first at J =      36.0
   R-turn =    14.57 fm    at J =      51.0

 Forward-angle excitation cut off below   6.288 deg by max JT =      51.0
                              and below   0.867 deg by max R.

 Total CPU  0 time =       0.02 seconds
